<?xml version="1.0" encoding="UTF-8"?>
<testsuite xmlns:xsi="http://www.w3.org/2001/XMLSchema-instance" xsi:noNamespaceSchemaLocation="https://maven.apache.org/surefire/maven-surefire-plugin/xsd/surefire-test-report.xsd" name="org.skroshka.idp.BlogApplicationTests" time="13.391" tests="1" errors="1" skipped="0" failures="0">
  <properties>
[...]
</properties>
  <testcase name="contextLoads" classname="org.skroshka.idp.BlogApplicationTests" time="0.016">
    <error message="Failed to load ApplicationContext" type="java.lang.IllegalStateException">java.lang.IllegalStateException: Failed to load ApplicationContext
Caused by: org.springframework.beans.factory.BeanCreationException: Error creating bean with name 'entityManagerFactory' defined in class path resource [org/springframework/boot/autoconfigure/orm/jpa/HibernateJpaConfiguration.class]: Invocation of init method failed; nested exception is org.hibernate.service.spi.ServiceException: Unable to create requested service [org.hibernate.engine.jdbc.env.spi.JdbcEnvironment]
Caused by: org.hibernate.service.spi.ServiceException: Unable to create requested service [org.hibernate.engine.jdbc.env.spi.JdbcEnvironment]
Caused by: org.hibernate.HibernateException: Access to DialectResolutionInfo cannot be null when 'hibernate.dialect' not set
</error>
    <system-out><![CDATA[20:14:03.883 [main] DEBUG org.springframework.test.context.junit4.SpringJUnit4ClassRunner - SpringJUnit4ClassRunner constructor called with [class org.skroshka.idp.BlogApplicationTests]
20:14:03.904 [main] DEBUG org.springframework.test.context.BootstrapUtils - Instantiating CacheAwareContextLoaderDelegate from class [org.springframework.test.context.cache.DefaultCacheAwareContextLoaderDelegate]
20:14:03.939 [main] DEBUG org.springframework.test.context.BootstrapUtils - Instantiating BootstrapContext using constructor [public org.springframework.test.context.support.DefaultBootstrapContext(java.lang.Class,org.springframework.test.context.CacheAwareContextLoaderDelegate)]
20:14:04.003 [main] DEBUG org.springframework.test.context.BootstrapUtils - Instantiating TestContextBootstrapper for test class [org.skroshka.idp.BlogApplicationTests] from class [org.springframework.boot.test.context.SpringBootTestContextBootstrapper]
20:14:04.059 [main] INFO org.springframework.boot.test.context.SpringBootTestContextBootstrapper - Neither @ContextConfiguration nor @ContextHierarchy found for test class [org.skroshka.idp.BlogApplicationTests], using SpringBootContextLoader
20:14:04.074 [main] DEBUG org.springframework.test.context.support.AbstractContextLoader - Did not detect default resource location for test class [org.skroshka.idp.BlogApplicationTests]: class path resource [org/skroshka/idp/BlogApplicationTests-context.xml] does not exist
20:14:04.075 [main] DEBUG org.springframework.test.context.support.AbstractContextLoader - Did not detect default resource location for test class [org.skroshka.idp.BlogApplicationTests]: class path resource [org/skroshka/idp/BlogApplicationTestsContext.groovy] does not exist
20:14:04.077 [main] INFO org.springframework.test.context.support.AbstractContextLoader - Could not detect default resource locations for test class [org.skroshka.idp.BlogApplicationTests]: no resource found for suffixes {-context.xml, Context.groovy}.
20:14:04.080 [main] INFO org.springframework.test.context.support.AnnotationConfigContextLoaderUtils - Could not detect default configuration classes for test class [org.skroshka.idp.BlogApplicationTests]: BlogApplicationTests does not declare any static, non-private, non-final, nested classes annotated with @Configuration.
20:14:04.224 [main] DEBUG org.springframework.test.context.support.ActiveProfilesUtils - Could not find an 'annotation declaring class' for annotation type [org.springframework.test.context.ActiveProfiles] and class [org.skroshka.idp.BlogApplicationTests]
20:14:04.247 [main] DEBUG org.springframework.core.env.StandardEnvironment - Adding PropertySource 'systemProperties' with lowest search precedence
20:14:04.248 [main] DEBUG org.springframework.core.env.StandardEnvironment - Adding PropertySource 'systemEnvironment' with lowest search precedence
20:14:04.249 [main] DEBUG org.springframework.core.env.StandardEnvironment - Initialized StandardEnvironment with PropertySources [MapPropertySource@1161667116 {name='systemProperties', properties={java.runtime.name=Java(TM) SE Runtime Environment, sun.boot.library.path=C:\Program Files\Java\jdk1.8.0_151\jre\bin, java.vm.version=25.151-b12, java.vm.vendor=Oracle Corporation, java.vendor.url=http://java.oracle.com/, path.separator=;, java.vm.name=Java HotSpot(TM) 64-Bit Server VM, file.encoding.pkg=sun.io, user.country=US, user.script=, sun.java.launcher=SUN_STANDARD, sun.os.patch.level=, java.vm.specification.name=Java Virtual Machine Specification, user.dir=C:\Users\Serg\SVKBloggApp\Blog, java.runtime.version=1.8.0_151-b12, basedir=C:\Users\Serg\SVKBloggApp\Blog, java.awt.graphicsenv=sun.awt.Win32GraphicsEnvironment, java.endorsed.dirs=C:\Program Files\Java\jdk1.8.0_151\jre\lib\endorsed, os.arch=amd64, surefire.real.class.path=C:\Users\Serg\AppData\Local\Temp\surefire7957594509857146623\surefirebooter4802759646303850553.jar, java.io.tmpdir=C:\Users\Serg\AppData\Local\Temp\, line.separator=
, java.vm.specification.vendor=Oracle Corporation, user.variant=, os.name=Windows 10, sun.jnu.encoding=Cp1251, java.library.path=C:\Program Files\Java\jdk1.8.0_151\jre\bin;C:\WINDOWS\Sun\Java\bin;C:\WINDOWS\system32;C:\WINDOWS;C:\ProgramData\Oracle\Java\javapath;E:\app\client\Serg\product\12.2.0\client_1;E:\app\client\Serg\product\12.2.0\client_1\bin;C:\Program Files\Java\jdk1.8.0_151\bin;C:\oraclexe\app\oracle\product\11.2.0\server\bin;C:\Program Files (x86)\NVIDIA Corporation\PhysX\Common;C:\WINDOWS\system32;C:\WINDOWS;C:\WINDOWS\System32\Wbem;C:\WINDOWS\System32\WindowsPowerShell\v1.0\;C:\Program Files\OpenVPN\bin;C:\Users\Kate\AppData\Local\Citrix\SelfService\Program Files;C:\Program Files\TortoiseSVN\bin;D:\e\Install\Utils\maven\bin;C:\Program Files (x86)\Skype\Phone\;C:\Windows\Microsoft.NET\Framework64\v3.5\;C:\Users\Serg\AppData\Local\Microsoft\WindowsApps;C:\Windows\Microsoft.NET\Framework64\v3.5\;;., surefire.test.class.path=C:\Users\Serg\SVKBloggApp\Blog\target\test-classes;C:\Users\Serg\SVKBloggApp\Blog\target\classes;C:\Users\Serg\.m2\repository\org\springframework\boot\spring-boot-starter-data-jpa\2.0.1.BUILD-SNAPSHOT\spring-boot-starter-data-jpa-2.0.1.BUILD-SNAPSHOT.jar;C:\Users\Serg\.m2\repository\org\springframework\boot\spring-boot-starter\2.0.1.BUILD-SNAPSHOT\spring-boot-starter-2.0.1.BUILD-SNAPSHOT.jar;C:\Users\Serg\.m2\repository\org\springframework\boot\spring-boot-starter-logging\2.0.1.BUILD-SNAPSHOT\spring-boot-starter-logging-2.0.1.BUILD-SNAPSHOT.jar;C:\Users\Serg\.m2\repository\ch\qos\logback\logback-classic\1.2.3\logback-classic-1.2.3.jar;C:\Users\Serg\.m2\repository\ch\qos\logback\logback-core\1.2.3\logback-core-1.2.3.jar;C:\Users\Serg\.m2\repository\org\apache\logging\log4j\log4j-to-slf4j\2.10.0\log4j-to-slf4j-2.10.0.jar;C:\Users\Serg\.m2\repository\org\apache\logging\log4j\log4j-api\2.10.0\log4j-api-2.10.0.jar;C:\Users\Serg\.m2\repository\org\slf4j\jul-to-slf4j\1.7.25\jul-to-slf4j-1.7.25.jar;C:\Users\Serg\.m2\repository\javax\annotation\javax.annotation-api\1.3.2\javax.annotation-api-1.3.2.jar;C:\Users\Serg\.m2\repository\org\yaml\snakeyaml\1.19\snakeyaml-1.19.jar;C:\Users\Serg\.m2\repository\org\springframework\boot\spring-boot-starter-aop\2.0.1.BUILD-SNAPSHOT\spring-boot-starter-aop-2.0.1.BUILD-SNAPSHOT.jar;C:\Users\Serg\.m2\repository\org\aspectj\aspectjweaver\1.8.13\aspectjweaver-1.8.13.jar;C:\Users\Serg\.m2\repository\org\springframework\boot\spring-boot-starter-jdbc\2.0.1.BUILD-SNAPSHOT\spring-boot-starter-jdbc-2.0.1.BUILD-SNAPSHOT.jar;C:\Users\Serg\.m2\repository\com\zaxxer\HikariCP\2.7.8\HikariCP-2.7.8.jar;C:\Users\Serg\.m2\repository\org\springframework\spring-jdbc\5.0.5.BUILD-SNAPSHOT\spring-jdbc-5.0.5.BUILD-SNAPSHOT.jar;C:\Users\Serg\.m2\repository\org\hibernate\hibernate-core\5.2.16.Final\hibernate-core-5.2.16.Final.jar;C:\Users\Serg\.m2\repository\org\jboss\logging\jboss-logging\3.3.2.Final\jboss-logging-3.3.2.Final.jar;C:\Users\Serg\.m2\repository\org\hibernate\javax\persistence\hibernate-jpa-2.1-api\1.0.0.Final\hibernate-jpa-2.1-api-1.0.0.Final.jar;C:\Users\Serg\.m2\repository\org\javassist\javassist\3.22.0-GA\javassist-3.22.0-GA.jar;C:\Users\Serg\.m2\repository\antlr\antlr\2.7.7\antlr-2.7.7.jar;C:\Users\Serg\.m2\repository\org\jboss\jandex\2.0.3.Final\jandex-2.0.3.Final.jar;C:\Users\Serg\.m2\repository\com\fasterxml\classmate\1.3.4\classmate-1.3.4.jar;C:\Users\Serg\.m2\repository\dom4j\dom4j\1.6.1\dom4j-1.6.1.jar;C:\Users\Serg\.m2\repository\org\hibernate\common\hibernate-commons-annotations\5.0.1.Final\hibernate-commons-annotations-5.0.1.Final.jar;C:\Users\Serg\.m2\repository\javax\transaction\javax.transaction-api\1.2\javax.transaction-api-1.2.jar;C:\Users\Serg\.m2\repository\org\springframework\data\spring-data-jpa\2.0.5.RELEASE\spring-data-jpa-2.0.5.RELEASE.jar;C:\Users\Serg\.m2\repository\org\springframework\data\spring-data-commons\2.0.5.RELEASE\spring-data-commons-2.0.5.RELEASE.jar;C:\Users\Serg\.m2\repository\org\springframework\spring-orm\5.0.5.BUILD-SNAPSHOT\spring-orm-5.0.5.BUILD-SNAPSHOT.jar;C:\Users\Serg\.m2\repository\org\springframework\spring-context\5.0.5.BUILD-SNAPSHOT\spring-context-5.0.5.BUILD-SNAPSHOT.jar;C:\Users\Serg\.m2\repository\org\springframework\spring-tx\5.0.5.BUILD-SNAPSHOT\spring-tx-5.0.5.BUILD-SNAPSHOT.jar;C:\Users\Serg\.m2\repository\org\springframework\spring-beans\5.0.5.BUILD-SNAPSHOT\spring-beans-5.0.5.BUILD-SNAPSHOT.jar;C:\Users\Serg\.m2\repository\org\slf4j\slf4j-api\1.7.25\slf4j-api-1.7.25.jar;C:\Users\Serg\.m2\repository\org\springframework\spring-aspects\5.0.5.BUILD-SNAPSHOT\spring-aspects-5.0.5.BUILD-SNAPSHOT.jar;C:\Users\Serg\.m2\repository\org\springframework\boot\spring-boot-starter-security\2.0.1.BUILD-SNAPSHOT\spring-boot-starter-security-2.0.1.BUILD-SNAPSHOT.jar;C:\Users\Serg\.m2\repository\org\springframework\spring-aop\5.0.5.BUILD-SNAPSHOT\spring-aop-5.0.5.BUILD-SNAPSHOT.jar;C:\Users\Serg\.m2\repository\org\springframework\security\spring-security-config\5.0.3.RELEASE\spring-security-config-5.0.3.RELEASE.jar;C:\Users\Serg\.m2\repository\org\springframework\security\spring-security-web\5.0.3.RELEASE\spring-security-web-5.0.3.RELEASE.jar;C:\Users\Serg\.m2\repository\org\springframework\spring-expression\5.0.5.BUILD-SNAPSHOT\spring-expression-5.0.5.BUILD-SNAPSHOT.jar;C:\Users\Serg\.m2\repository\org\springframework\boot\spring-boot-starter-thymeleaf\2.0.1.BUILD-SNAPSHOT\spring-boot-starter-thymeleaf-2.0.1.BUILD-SNAPSHOT.jar;C:\Users\Serg\.m2\repository\org\thymeleaf\thymeleaf-spring5\3.0.9.RELEASE\thymeleaf-spring5-3.0.9.RELEASE.jar;C:\Users\Serg\.m2\repository\org\thymeleaf\thymeleaf\3.0.9.RELEASE\thymeleaf-3.0.9.RELEASE.jar;C:\Users\Serg\.m2\repository\org\attoparser\attoparser\2.0.4.RELEASE\attoparser-2.0.4.RELEASE.jar;C:\Users\Serg\.m2\repository\org\unbescape\unbescape\1.1.5.RELEASE\unbescape-1.1.5.RELEASE.jar;C:\Users\Serg\.m2\repository\org\thymeleaf\extras\thymeleaf-extras-java8time\3.0.1.RELEASE\thymeleaf-extras-java8time-3.0.1.RELEASE.jar;C:\Users\Serg\.m2\repository\org\springframework\boot\spring-boot-starter-web\2.0.1.BUILD-SNAPSHOT\spring-boot-starter-web-2.0.1.BUILD-SNAPSHOT.jar;C:\Users\Serg\.m2\repository\org\springframework\boot\spring-boot-starter-json\2.0.1.BUILD-SNAPSHOT\spring-boot-starter-json-2.0.1.BUILD-SNAPSHOT.jar;C:\Users\Serg\.m2\repository\com\fasterxml\jackson\core\jackson-databind\2.9.4\jackson-databind-2.9.4.jar;C:\Users\Serg\.m2\repository\com\fasterxml\jackson\core\jackson-annotations\2.9.0\jackson-annotations-2.9.0.jar;C:\Users\Serg\.m2\repository\com\fasterxml\jackson\core\jackson-core\2.9.4\jackson-core-2.9.4.jar;C:\Users\Serg\.m2\repository\com\fasterxml\jackson\datatype\jackson-datatype-jdk8\2.9.4\jackson-datatype-jdk8-2.9.4.jar;C:\Users\Serg\.m2\repository\com\fasterxml\jackson\datatype\jackson-datatype-jsr310\2.9.4\jackson-datatype-jsr310-2.9.4.jar;C:\Users\Serg\.m2\repository\com\fasterxml\jackson\module\jackson-module-parameter-names\2.9.4\jackson-module-parameter-names-2.9.4.jar;C:\Users\Serg\.m2\repository\org\springframework\boot\spring-boot-starter-tomcat\2.0.1.BUILD-SNAPSHOT\spring-boot-starter-tomcat-2.0.1.BUILD-SNAPSHOT.jar;C:\Users\Serg\.m2\repository\org\apache\tomcat\embed\tomcat-embed-core\8.5.29\tomcat-embed-core-8.5.29.jar;C:\Users\Serg\.m2\repository\org\apache\tomcat\embed\tomcat-embed-el\8.5.29\tomcat-embed-el-8.5.29.jar;C:\Users\Serg\.m2\repository\org\apache\tomcat\embed\tomcat-embed-websocket\8.5.29\tomcat-embed-websocket-8.5.29.jar;C:\Users\Serg\.m2\repository\org\hibernate\validator\hibernate-validator\6.0.8.Final\hibernate-validator-6.0.8.Final.jar;C:\Users\Serg\.m2\repository\javax\validation\validation-api\2.0.1.Final\validation-api-2.0.1.Final.jar;C:\Users\Serg\.m2\repository\org\springframework\spring-web\5.0.5.BUILD-SNAPSHOT\spring-web-5.0.5.BUILD-SNAPSHOT.jar;C:\Users\Serg\.m2\repository\org\springframework\spring-webmvc\5.0.5.BUILD-SNAPSHOT\spring-webmvc-5.0.5.BUILD-SNAPSHOT.jar;C:\Users\Serg\.m2\repository\org\springframework\boot\spring-boot-devtools\2.0.1.BUILD-SNAPSHOT\spring-boot-devtools-2.0.1.BUILD-SNAPSHOT.jar;C:\Users\Serg\.m2\repository\org\springframework\boot\spring-boot\2.0.1.BUILD-SNAPSHOT\spring-boot-2.0.1.BUILD-SNAPSHOT.jar;C:\Users\Serg\.m2\repository\org\springframework\boot\spring-boot-autoconfigure\2.0.1.BUILD-SNAPSHOT\spring-boot-autoconfigure-2.0.1.BUILD-SNAPSHOT.jar;C:\Users\Serg\.m2\repository\mysql\mysql-connector-java\5.1.46\mysql-connector-java-5.1.46.jar;C:\Users\Serg\.m2\repository\org\springframework\boot\spring-boot-starter-test\2.0.1.BUILD-SNAPSHOT\spring-boot-starter-test-2.0.1.BUILD-SNAPSHOT.jar;C:\Users\Serg\.m2\repository\org\springframework\boot\spring-boot-test\2.0.1.BUILD-SNAPSHOT\spring-boot-test-2.0.1.BUILD-SNAPSHOT.jar;C:\Users\Serg\.m2\repository\org\springframework\boot\spring-boot-test-autoconfigure\2.0.1.BUILD-SNAPSHOT\spring-boot-test-autoconfigure-2.0.1.BUILD-SNAPSHOT.jar;C:\Users\Serg\.m2\repository\com\jayway\jsonpath\json-path\2.4.0\json-path-2.4.0.jar;C:\Users\Serg\.m2\repository\net\minidev\json-smart\2.3\json-smart-2.3.jar;C:\Users\Serg\.m2\repository\net\minidev\accessors-smart\1.2\accessors-smart-1.2.jar;C:\Users\Serg\.m2\repository\org\ow2\asm\asm\5.0.4\asm-5.0.4.jar;C:\Users\Serg\.m2\repository\junit\junit\4.12\junit-4.12.jar;C:\Users\Serg\.m2\repository\org\assertj\assertj-core\3.9.1\assertj-core-3.9.1.jar;C:\Users\Serg\.m2\repository\org\mockito\mockito-core\2.15.0\mockito-core-2.15.0.jar;C:\Users\Serg\.m2\repository\net\bytebuddy\byte-buddy\1.7.11\byte-buddy-1.7.11.jar;C:\Users\Serg\.m2\repository\net\bytebuddy\byte-buddy-agent\1.7.11\byte-buddy-agent-1.7.11.jar;C:\Users\Serg\.m2\repository\org\objenesis\objenesis\2.6\objenesis-2.6.jar;C:\Users\Serg\.m2\repository\org\hamcrest\hamcrest-core\1.3\hamcrest-core-1.3.jar;C:\Users\Serg\.m2\repository\org\hamcrest\hamcrest-library\1.3\hamcrest-library-1.3.jar;C:\Users\Serg\.m2\repository\org\skyscreamer\jsonassert\1.5.0\jsonassert-1.5.0.jar;C:\Users\Serg\.m2\repository\com\vaadin\external\google\android-json\0.0.20131108.vaadin1\android-json-0.0.20131108.vaadin1.jar;C:\Users\Serg\.m2\repository\org\springframework\spring-core\5.0.5.BUILD-SNAPSHOT\spring-core-5.0.5.BUILD-SNAPSHOT.jar;C:\Users\Serg\.m2\repository\org\springframework\spring-jcl\5.0.5.BUILD-SNAPSHOT\spring-jcl-5.0.5.BUILD-SNAPSHOT.jar;C:\Users\Serg\.m2\repository\org\springframework\spring-test\5.0.5.BUILD-SNAPSHOT\spring-test-5.0.5.BUILD-SNAPSHOT.jar;C:\Users\Serg\.m2\repository\org\xmlunit\xmlunit-core\2.5.1\xmlunit-core-2.5.1.jar;C:\Users\Serg\.m2\repository\org\springframework\security\spring-security-test\5.0.3.RELEASE\spring-security-test-5.0.3.RELEASE.jar;C:\Users\Serg\.m2\repository\org\springframework\security\spring-security-core\5.0.3.RELEASE\spring-security-core-5.0.3.RELEASE.jar;C:\Users\Serg\.m2\repository\org\webjars\jquery\3.1.0\jquery-3.1.0.jar;C:\Users\Serg\.m2\repository\org\webjars\bootstrap\4.0.0-alpha.2\bootstrap-4.0.0-alpha.2.jar;, java.specification.name=Java Platform API Specification, java.class.version=52.0, sun.management.compiler=HotSpot 64-Bit Tiered Compilers, os.version=10.0, user.home=C:\Users\Serg, user.timezone=Europe/Helsinki, java.awt.printerjob=sun.awt.windows.WPrinterJob, file.encoding=Cp1251, java.specification.version=1.8, java.class.path=C:\Users\Serg\SVKBloggApp\Blog\target\test-classes;C:\Users\Serg\SVKBloggApp\Blog\target\classes;C:\Users\Serg\.m2\repository\org\springframework\boot\spring-boot-starter-data-jpa\2.0.1.BUILD-SNAPSHOT\spring-boot-starter-data-jpa-2.0.1.BUILD-SNAPSHOT.jar;C:\Users\Serg\.m2\repository\org\springframework\boot\spring-boot-starter\2.0.1.BUILD-SNAPSHOT\spring-boot-starter-2.0.1.BUILD-SNAPSHOT.jar;C:\Users\Serg\.m2\repository\org\springframework\boot\spring-boot-starter-logging\2.0.1.BUILD-SNAPSHOT\spring-boot-starter-logging-2.0.1.BUILD-SNAPSHOT.jar;C:\Users\Serg\.m2\repository\ch\qos\logback\logback-classic\1.2.3\logback-classic-1.2.3.jar;C:\Users\Serg\.m2\repository\ch\qos\logback\logback-core\1.2.3\logback-core-1.2.3.jar;C:\Users\Serg\.m2\repository\org\apache\logging\log4j\log4j-to-slf4j\2.10.0\log4j-to-slf4j-2.10.0.jar;C:\Users\Serg\.m2\repository\org\apache\logging\log4j\log4j-api\2.10.0\log4j-api-2.10.0.jar;C:\Users\Serg\.m2\repository\org\slf4j\jul-to-slf4j\1.7.25\jul-to-slf4j-1.7.25.jar;C:\Users\Serg\.m2\repository\javax\annotation\javax.annotation-api\1.3.2\javax.annotation-api-1.3.2.jar;C:\Users\Serg\.m2\repository\org\yaml\snakeyaml\1.19\snakeyaml-1.19.jar;C:\Users\Serg\.m2\repository\org\springframework\boot\spring-boot-starter-aop\2.0.1.BUILD-SNAPSHOT\spring-boot-starter-aop-2.0.1.BUILD-SNAPSHOT.jar;C:\Users\Serg\.m2\repository\org\aspectj\aspectjweaver\1.8.13\aspectjweaver-1.8.13.jar;C:\Users\Serg\.m2\repository\org\springframework\boot\spring-boot-starter-jdbc\2.0.1.BUILD-SNAPSHOT\spring-boot-starter-jdbc-2.0.1.BUILD-SNAPSHOT.jar;C:\Users\Serg\.m2\repository\com\zaxxer\HikariCP\2.7.8\HikariCP-2.7.8.jar;C:\Users\Serg\.m2\repository\org\springframework\spring-jdbc\5.0.5.BUILD-SNAPSHOT\spring-jdbc-5.0.5.BUILD-SNAPSHOT.jar;C:\Users\Serg\.m2\repository\org\hibernate\hibernate-core\5.2.16.Final\hibernate-core-5.2.16.Final.jar;C:\Users\Serg\.m2\repository\org\jboss\logging\jboss-logging\3.3.2.Final\jboss-logging-3.3.2.Final.jar;C:\Users\Serg\.m2\repository\org\hibernate\javax\persistence\hibernate-jpa-2.1-api\1.0.0.Final\hibernate-jpa-2.1-api-1.0.0.Final.jar;C:\Users\Serg\.m2\repository\org\javassist\javassist\3.22.0-GA\javassist-3.22.0-GA.jar;C:\Users\Serg\.m2\repository\antlr\antlr\2.7.7\antlr-2.7.7.jar;C:\Users\Serg\.m2\repository\org\jboss\jandex\2.0.3.Final\jandex-2.0.3.Final.jar;C:\Users\Serg\.m2\repository\com\fasterxml\classmate\1.3.4\classmate-1.3.4.jar;C:\Users\Serg\.m2\repository\dom4j\dom4j\1.6.1\dom4j-1.6.1.jar;C:\Users\Serg\.m2\repository\org\hibernate\common\hibernate-commons-annotations\5.0.1.Final\hibernate-commons-annotations-5.0.1.Final.jar;C:\Users\Serg\.m2\repository\javax\transaction\javax.transaction-api\1.2\javax.transaction-api-1.2.jar;C:\Users\Serg\.m2\repository\org\springframework\data\spring-data-jpa\2.0.5.RELEASE\spring-data-jpa-2.0.5.RELEASE.jar;C:\Users\Serg\.m2\repository\org\springframework\data\spring-data-commons\2.0.5.RELEASE\spring-data-commons-2.0.5.RELEASE.jar;C:\Users\Serg\.m2\repository\org\springframework\spring-orm\5.0.5.BUILD-SNAPSHOT\spring-orm-5.0.5.BUILD-SNAPSHOT.jar;C:\Users\Serg\.m2\repository\org\springframework\spring-context\5.0.5.BUILD-SNAPSHOT\spring-context-5.0.5.BUILD-SNAPSHOT.jar;C:\Users\Serg\.m2\repository\org\springframework\spring-tx\5.0.5.BUILD-SNAPSHOT\spring-tx-5.0.5.BUILD-SNAPSHOT.jar;C:\Users\Serg\.m2\repository\org\springframework\spring-beans\5.0.5.BUILD-SNAPSHOT\spring-beans-5.0.5.BUILD-SNAPSHOT.jar;C:\Users\Serg\.m2\repository\org\slf4j\slf4j-api\1.7.25\slf4j-api-1.7.25.jar;C:\Users\Serg\.m2\repository\org\springframework\spring-aspects\5.0.5.BUILD-SNAPSHOT\spring-aspects-5.0.5.BUILD-SNAPSHOT.jar;C:\Users\Serg\.m2\repository\org\springframework\boot\spring-boot-starter-security\2.0.1.BUILD-SNAPSHOT\spring-boot-starter-security-2.0.1.BUILD-SNAPSHOT.jar;C:\Users\Serg\.m2\repository\org\springframework\spring-aop\5.0.5.BUILD-SNAPSHOT\spring-aop-5.0.5.BUILD-SNAPSHOT.jar;C:\Users\Serg\.m2\repository\org\springframework\security\spring-security-config\5.0.3.RELEASE\spring-security-config-5.0.3.RELEASE.jar;C:\Users\Serg\.m2\repository\org\springframework\security\spring-security-web\5.0.3.RELEASE\spring-security-web-5.0.3.RELEASE.jar;C:\Users\Serg\.m2\repository\org\springframework\spring-expression\5.0.5.BUILD-SNAPSHOT\spring-expression-5.0.5.BUILD-SNAPSHOT.jar;C:\Users\Serg\.m2\repository\org\springframework\boot\spring-boot-starter-thymeleaf\2.0.1.BUILD-SNAPSHOT\spring-boot-starter-thymeleaf-2.0.1.BUILD-SNAPSHOT.jar;C:\Users\Serg\.m2\repository\org\thymeleaf\thymeleaf-spring5\3.0.9.RELEASE\thymeleaf-spring5-3.0.9.RELEASE.jar;C:\Users\Serg\.m2\repository\org\thymeleaf\thymeleaf\3.0.9.RELEASE\thymeleaf-3.0.9.RELEASE.jar;C:\Users\Serg\.m2\repository\org\attoparser\attoparser\2.0.4.RELEASE\attoparser-2.0.4.RELEASE.jar;C:\Users\Serg\.m2\repository\org\unbescape\unbescape\1.1.5.RELEASE\unbescape-1.1.5.RELEASE.jar;C:\Users\Serg\.m2\repository\org\thymeleaf\extras\thymeleaf-extras-java8time\3.0.1.RELEASE\thymeleaf-extras-java8time-3.0.1.RELEASE.jar;C:\Users\Serg\.m2\repository\org\springframework\boot\spring-boot-starter-web\2.0.1.BUILD-SNAPSHOT\spring-boot-starter-web-2.0.1.BUILD-SNAPSHOT.jar;C:\Users\Serg\.m2\repository\org\springframework\boot\spring-boot-starter-json\2.0.1.BUILD-SNAPSHOT\spring-boot-starter-json-2.0.1.BUILD-SNAPSHOT.jar;C:\Users\Serg\.m2\repository\com\fasterxml\jackson\core\jackson-databind\2.9.4\jackson-databind-2.9.4.jar;C:\Users\Serg\.m2\repository\com\fasterxml\jackson\core\jackson-annotations\2.9.0\jackson-annotations-2.9.0.jar;C:\Users\Serg\.m2\repository\com\fasterxml\jackson\core\jackson-core\2.9.4\jackson-core-2.9.4.jar;C:\Users\Serg\.m2\repository\com\fasterxml\jackson\datatype\jackson-datatype-jdk8\2.9.4\jackson-datatype-jdk8-2.9.4.jar;C:\Users\Serg\.m2\repository\com\fasterxml\jackson\datatype\jackson-datatype-jsr310\2.9.4\jackson-datatype-jsr310-2.9.4.jar;C:\Users\Serg\.m2\repository\com\fasterxml\jackson\module\jackson-module-parameter-names\2.9.4\jackson-module-parameter-names-2.9.4.jar;C:\Users\Serg\.m2\repository\org\springframework\boot\spring-boot-starter-tomcat\2.0.1.BUILD-SNAPSHOT\spring-boot-starter-tomcat-2.0.1.BUILD-SNAPSHOT.jar;C:\Users\Serg\.m2\repository\org\apache\tomcat\embed\tomcat-embed-core\8.5.29\tomcat-embed-core-8.5.29.jar;C:\Users\Serg\.m2\repository\org\apache\tomcat\embed\tomcat-embed-el\8.5.29\tomcat-embed-el-8.5.29.jar;C:\Users\Serg\.m2\repository\org\apache\tomcat\embed\tomcat-embed-websocket\8.5.29\tomcat-embed-websocket-8.5.29.jar;C:\Users\Serg\.m2\repository\org\hibernate\validator\hibernate-validator\6.0.8.Final\hibernate-validator-6.0.8.Final.jar;C:\Users\Serg\.m2\repository\javax\validation\validation-api\2.0.1.Final\validation-api-2.0.1.Final.jar;C:\Users\Serg\.m2\repository\org\springframework\spring-web\5.0.5.BUILD-SNAPSHOT\spring-web-5.0.5.BUILD-SNAPSHOT.jar;C:\Users\Serg\.m2\repository\org\springframework\spring-webmvc\5.0.5.BUILD-SNAPSHOT\spring-webmvc-5.0.5.BUILD-SNAPSHOT.jar;C:\Users\Serg\.m2\repository\org\springframework\boot\spring-boot-devtools\2.0.1.BUILD-SNAPSHOT\spring-boot-devtools-2.0.1.BUILD-SNAPSHOT.jar;C:\Users\Serg\.m2\repository\org\springframework\boot\spring-boot\2.0.1.BUILD-SNAPSHOT\spring-boot-2.0.1.BUILD-SNAPSHOT.jar;C:\Users\Serg\.m2\repository\org\springframework\boot\spring-boot-autoconfigure\2.0.1.BUILD-SNAPSHOT\spring-boot-autoconfigure-2.0.1.BUILD-SNAPSHOT.jar;C:\Users\Serg\.m2\repository\mysql\mysql-connector-java\5.1.46\mysql-connector-java-5.1.46.jar;C:\Users\Serg\.m2\repository\org\springframework\boot\spring-boot-starter-test\2.0.1.BUILD-SNAPSHOT\spring-boot-starter-test-2.0.1.BUILD-SNAPSHOT.jar;C:\Users\Serg\.m2\repository\org\springframework\boot\spring-boot-test\2.0.1.BUILD-SNAPSHOT\spring-boot-test-2.0.1.BUILD-SNAPSHOT.jar;C:\Users\Serg\.m2\repository\org\springframework\boot\spring-boot-test-autoconfigure\2.0.1.BUILD-SNAPSHOT\spring-boot-test-autoconfigure-2.0.1.BUILD-SNAPSHOT.jar;C:\Users\Serg\.m2\repository\com\jayway\jsonpath\json-path\2.4.0\json-path-2.4.0.jar;C:\Users\Serg\.m2\repository\net\minidev\json-smart\2.3\json-smart-2.3.jar;C:\Users\Serg\.m2\repository\net\minidev\accessors-smart\1.2\accessors-smart-1.2.jar;C:\Users\Serg\.m2\repository\org\ow2\asm\asm\5.0.4\asm-5.0.4.jar;C:\Users\Serg\.m2\repository\junit\junit\4.12\junit-4.12.jar;C:\Users\Serg\.m2\repository\org\assertj\assertj-core\3.9.1\assertj-core-3.9.1.jar;C:\Users\Serg\.m2\repository\org\mockito\mockito-core\2.15.0\mockito-core-2.15.0.jar;C:\Users\Serg\.m2\repository\net\bytebuddy\byte-buddy\1.7.11\byte-buddy-1.7.11.jar;C:\Users\Serg\.m2\repository\net\bytebuddy\byte-buddy-agent\1.7.11\byte-buddy-agent-1.7.11.jar;C:\Users\Serg\.m2\repository\org\objenesis\objenesis\2.6\objenesis-2.6.jar;C:\Users\Serg\.m2\repository\org\hamcrest\hamcrest-core\1.3\hamcrest-core-1.3.jar;C:\Users\Serg\.m2\repository\org\hamcrest\hamcrest-library\1.3\hamcrest-library-1.3.jar;C:\Users\Serg\.m2\repository\org\skyscreamer\jsonassert\1.5.0\jsonassert-1.5.0.jar;C:\Users\Serg\.m2\repository\com\vaadin\external\google\android-json\0.0.20131108.vaadin1\android-json-0.0.20131108.vaadin1.jar;C:\Users\Serg\.m2\repository\org\springframework\spring-core\5.0.5.BUILD-SNAPSHOT\spring-core-5.0.5.BUILD-SNAPSHOT.jar;C:\Users\Serg\.m2\repository\org\springframework\spring-jcl\5.0.5.BUILD-SNAPSHOT\spring-jcl-5.0.5.BUILD-SNAPSHOT.jar;C:\Users\Serg\.m2\repository\org\springframework\spring-test\5.0.5.BUILD-SNAPSHOT\spring-test-5.0.5.BUILD-SNAPSHOT.jar;C:\Users\Serg\.m2\repository\org\xmlunit\xmlunit-core\2.5.1\xmlunit-core-2.5.1.jar;C:\Users\Serg\.m2\repository\org\springframework\security\spring-security-test\5.0.3.RELEASE\spring-security-test-5.0.3.RELEASE.jar;C:\Users\Serg\.m2\repository\org\springframework\security\spring-security-core\5.0.3.RELEASE\spring-security-core-5.0.3.RELEASE.jar;C:\Users\Serg\.m2\repository\org\webjars\jquery\3.1.0\jquery-3.1.0.jar;C:\Users\Serg\.m2\repository\org\webjars\bootstrap\4.0.0-alpha.2\bootstrap-4.0.0-alpha.2.jar;, user.name=Serg, java.vm.specification.version=1.8, sun.java.command=C:\Users\Serg\AppData\Local\Temp\surefire7957594509857146623\surefirebooter4802759646303850553.jar C:\Users\Serg\AppData\Local\Temp\surefire7957594509857146623 2018-03-24T20-13-59_169-jvmRun1 surefire7493234117622134394tmp surefire_07917300597116798053tmp, java.home=C:\Program Files\Java\jdk1.8.0_151\jre, sun.arch.data.model=64, user.language=en, java.specification.vendor=Oracle Corporation, awt.toolkit=sun.awt.windows.WToolkit, java.vm.info=mixed mode, java.version=1.8.0_151, java.ext.dirs=C:\Program Files\Java\jdk1.8.0_151\jre\lib\ext;C:\WINDOWS\Sun\Java\lib\ext, sun.boot.class.path=C:\Program Files\Java\jdk1.8.0_151\jre\lib\resources.jar;C:\Program Files\Java\jdk1.8.0_151\jre\lib\rt.jar;C:\Program Files\Java\jdk1.8.0_151\jre\lib\sunrsasign.jar;C:\Program Files\Java\jdk1.8.0_151\jre\lib\jsse.jar;C:\Program Files\Java\jdk1.8.0_151\jre\lib\jce.jar;C:\Program Files\Java\jdk1.8.0_151\jre\lib\charsets.jar;C:\Program Files\Java\jdk1.8.0_151\jre\lib\jfr.jar;C:\Program Files\Java\jdk1.8.0_151\jre\classes, java.vendor=Oracle Corporation, localRepository=C:\Users\Serg\.m2\repository, file.separator=\, java.vendor.url.bug=http://bugreport.sun.com/bugreport/, sun.io.unicode.encoding=UnicodeLittle, sun.cpu.endian=little, sun.desktop=windows, sun.cpu.isalist=amd64}}, SystemEnvironmentPropertySource@1898220577 {name='systemEnvironment', properties={PATH=C:\ProgramData\Oracle\Java\javapath;E:\app\client\Serg\product\12.2.0\client_1;E:\app\client\Serg\product\12.2.0\client_1\bin;C:\Program Files\Java\jdk1.8.0_151\bin;C:\oraclexe\app\oracle\product\11.2.0\server\bin;C:\Program Files (x86)\NVIDIA Corporation\PhysX\Common;C:\WINDOWS\system32;C:\WINDOWS;C:\WINDOWS\System32\Wbem;C:\WINDOWS\System32\WindowsPowerShell\v1.0\;C:\Program Files\OpenVPN\bin;C:\Users\Kate\AppData\Local\Citrix\SelfService\Program Files;C:\Program Files\TortoiseSVN\bin;D:\e\Install\Utils\maven\bin;C:\Program Files (x86)\Skype\Phone\;C:\Windows\Microsoft.NET\Framework64\v3.5\;C:\Users\Serg\AppData\Local\Microsoft\WindowsApps;C:\Windows\Microsoft.NET\Framework64\v3.5\;, USERDOMAIN_ROAMINGPROFILE=Taurus, PROCESSOR_LEVEL=15, SYSTEMDRIVE=C:, FP_NO_HOST_CHECK=NO, SESSIONNAME=Console, ALLUSERSPROFILE=C:\ProgramData, PROCESSOR_ARCHITECTURE=AMD64, PROGRAMFILES=C:\Program Files, PSMODULEPATH=C:\WINDOWS\system32\WindowsPowerShell\v1.0\Modules\, PROGRAMDATA=C:\ProgramData, USERNAME=Serg, JDK_HOME=C:\Program Files\Java\jdk1.8.0_151, WDIR=C:\Users\Serg\SVKBloggApp\Blog, FPS_BROWSER_USER_PROFILE_STRING=Default, ONEDRIVE=C:\Users\Serg\OneDrive, PATHEXT=.COM;.EXE;.BAT;.CMD;.VBS;.VBE;.JS;.JSE;.WSF;.WSH;.MSC, CLASSWORLDS_JAR="D:\e\Install\Utils\maven\boot\plexus-classworlds-2.5.2.jar", WINDIR=C:\WINDOWS, HOMEPATH=\Users\Serg, PROCESSOR_IDENTIFIER=AMD64 Family 15 Model 67 Stepping 3, AuthenticAMD, FARLOCALPROFILE=C:\Users\Serg\AppData\Local\Far Manager\Profile, M2_HOME=D:\e\Install\Utils\maven, MAVEN_JAVA_EXE="C:\Program Files\Java\jdk1.8.0_151\bin\java.exe", PUBLIC=C:\Users\Public, =::=::\, LOCALAPPDATA=C:\Users\Serg\AppData\Local, COMMONPROGRAMFILES(X86)=C:\Program Files (x86)\Common Files, USERDOMAIN=Taurus, FPS_BROWSER_APP_PROFILE_STRING=Internet Explorer, LOGONSERVER=\\TAURUS, JAVA_HOME=C:\Program Files\Java\jdk1.8.0_151, PROMPT=$P$G, PROGRAMFILES(X86)=C:\Program Files (x86), ERROR_CODE=0, EXEC_DIR=C:\Users\Serg\SVKBloggApp\Blog, FARHOME=C:\Program Files\Far Manager, =C:=C:\Users\Serg\SVKBloggApp\Blog, APPDATA=C:\Users\Serg\AppData\Roaming, PROGRAMW6432=C:\Program Files, SYSTEMROOT=C:\WINDOWS, FARPROFILE=C:\Users\Serg\AppData\Roaming\Far Manager\Profile, MAVEN_CMD_LINE_ARGS=clean package, FARLANG=English, OS=Windows_NT, COMMONPROGRAMW6432=C:\Program Files\Common Files, COMPUTERNAME=TAURUS, COMMONPROGRAMFILES=C:\Program Files\Common Files, COMSPEC=C:\WINDOWS\system32\cmd.exe, MAVEN_PROJECTBASEDIR=C:\Users\Serg\SVKBloggApp\Blog, PROCESSOR_REVISION=4303, CLASSPATH=., CLASSWORLDS_LAUNCHER=org.codehaus.plexus.classworlds.launcher.Launcher, TEMP=C:\Users\Serg\AppData\Local\Temp, HOMEDRIVE=C:, USERPROFILE=C:\Users\Serg, TMP=C:\Users\Serg\AppData\Local\Temp, NUMBER_OF_PROCESSORS=2, HOME=C:\Users\Serg}}]
20:14:04.298 [main] DEBUG org.springframework.core.io.support.PathMatchingResourcePatternResolver - Resolved classpath location [org/skroshka/idp/] to resources [URL [file:/C:/Users/Serg/SVKBloggApp/Blog/target/test-classes/org/skroshka/idp/], URL [file:/C:/Users/Serg/SVKBloggApp/Blog/target/classes/org/skroshka/idp/]]
20:14:04.300 [main] DEBUG org.springframework.core.io.support.PathMatchingResourcePatternResolver - Looking for matching resources in directory tree [C:\Users\Serg\SVKBloggApp\Blog\target\test-classes\org\skroshka\idp]
20:14:04.301 [main] DEBUG org.springframework.core.io.support.PathMatchingResourcePatternResolver - Searching directory [C:\Users\Serg\SVKBloggApp\Blog\target\test-classes\org\skroshka\idp] for files matching pattern [C:/Users/Serg/SVKBloggApp/Blog/target/test-classes/org/skroshka/idp/*.class]
20:14:04.310 [main] DEBUG org.springframework.core.io.support.PathMatchingResourcePatternResolver - Looking for matching resources in directory tree [C:\Users\Serg\SVKBloggApp\Blog\target\classes\org\skroshka\idp]
20:14:04.310 [main] DEBUG org.springframework.core.io.support.PathMatchingResourcePatternResolver - Searching directory [C:\Users\Serg\SVKBloggApp\Blog\target\classes\org\skroshka\idp] for files matching pattern [C:/Users/Serg/SVKBloggApp/Blog/target/classes/org/skroshka/idp/*.class]
20:14:04.328 [main] DEBUG org.springframework.core.io.support.PathMatchingResourcePatternResolver - Resolved location pattern [classpath*:org/skroshka/idp/*.class] to resources [file [C:\Users\Serg\SVKBloggApp\Blog\target\test-classes\org\skroshka\idp\BlogApplicationTests.class], file [C:\Users\Serg\SVKBloggApp\Blog\target\classes\org\skroshka\idp\BlogApplication.class], file [C:\Users\Serg\SVKBloggApp\Blog\target\classes\org\skroshka\idp\TestConnection.class]]
20:14:04.497 [main] DEBUG org.springframework.context.annotation.ClassPathScanningCandidateComponentProvider - Identified candidate component class: file [C:\Users\Serg\SVKBloggApp\Blog\target\classes\org\skroshka\idp\BlogApplication.class]
20:14:04.500 [main] INFO org.springframework.boot.test.context.SpringBootTestContextBootstrapper - Found @SpringBootConfiguration org.skroshka.idp.BlogApplication for test class org.skroshka.idp.BlogApplicationTests
20:14:05.422 [main] DEBUG org.springframework.boot.test.context.SpringBootTestContextBootstrapper - @TestExecutionListeners is not present for class [org.skroshka.idp.BlogApplicationTests]: using defaults.
20:14:05.423 [main] INFO org.springframework.boot.test.context.SpringBootTestContextBootstrapper - Loaded default TestExecutionListener class names from location [META-INF/spring.factories]: [org.springframework.boot.test.mock.mockito.MockitoTestExecutionListener, org.springframework.boot.test.mock.mockito.ResetMocksTestExecutionListener, org.springframework.boot.test.autoconfigure.restdocs.RestDocsTestExecutionListener, org.springframework.boot.test.autoconfigure.web.client.MockRestServiceServerResetTestExecutionListener, org.springframework.boot.test.autoconfigure.web.servlet.MockMvcPrintOnlyOnFailureTestExecutionListener, org.springframework.boot.test.autoconfigure.web.servlet.WebDriverTestExecutionListener, org.springframework.test.context.web.ServletTestExecutionListener, org.springframework.test.context.support.DirtiesContextBeforeModesTestExecutionListener, org.springframework.test.context.support.DependencyInjectionTestExecutionListener, org.springframework.test.context.support.DirtiesContextTestExecutionListener, org.springframework.test.context.transaction.TransactionalTestExecutionListener, org.springframework.test.context.jdbc.SqlScriptsTestExecutionListener, org.springframework.security.test.context.support.WithSecurityContextTestExecutionListener, org.springframework.security.test.context.support.ReactorContextTestExecutionListener]
20:14:05.522 [main] INFO org.springframework.boot.test.context.SpringBootTestContextBootstrapper - Using TestExecutionListeners: [org.springframework.test.context.web.ServletTestExecutionListener@38afe297, org.springframework.test.context.support.DirtiesContextBeforeModesTestExecutionListener@2df3b89c, org.springframework.boot.test.mock.mockito.MockitoTestExecutionListener@23348b5d, org.springframework.boot.test.autoconfigure.SpringBootDependencyInjectionTestExecutionListener@70325e14, org.springframework.test.context.support.DirtiesContextTestExecutionListener@37ceb1df, org.springframework.test.context.transaction.TransactionalTestExecutionListener@7c9d8e2, org.springframework.test.context.jdbc.SqlScriptsTestExecutionListener@20d525, org.springframework.security.test.context.support.WithSecurityContextTestExecutionListener@6200f9cb, org.springframework.security.test.context.support.ReactorContextTestExecutionListener@2002fc1d, org.springframework.boot.test.mock.mockito.ResetMocksTestExecutionListener@69453e37, org.springframework.boot.test.autoconfigure.restdocs.RestDocsTestExecutionListener@6f4a47c7, org.springframework.boot.test.autoconfigure.web.client.MockRestServiceServerResetTestExecutionListener@ae13544, org.springframework.boot.test.autoconfigure.web.servlet.MockMvcPrintOnlyOnFailureTestExecutionListener@3d34d211, org.springframework.boot.test.autoconfigure.web.servlet.WebDriverTestExecutionListener@7dc0f706]
20:14:05.526 [main] DEBUG org.springframework.test.annotation.ProfileValueUtils - Retrieved @ProfileValueSourceConfiguration [null] for test class [org.skroshka.idp.BlogApplicationTests]
20:14:05.527 [main] DEBUG org.springframework.test.annotation.ProfileValueUtils - Retrieved ProfileValueSource type [class org.springframework.test.annotation.SystemProfileValueSource] for class [org.skroshka.idp.BlogApplicationTests]
20:14:05.529 [main] DEBUG org.springframework.test.annotation.ProfileValueUtils - Retrieved @ProfileValueSourceConfiguration [null] for test class [org.skroshka.idp.BlogApplicationTests]
20:14:05.530 [main] DEBUG org.springframework.test.annotation.ProfileValueUtils - Retrieved ProfileValueSource type [class org.springframework.test.annotation.SystemProfileValueSource] for class [org.skroshka.idp.BlogApplicationTests]
20:14:05.531 [main] DEBUG org.springframework.test.annotation.ProfileValueUtils - Retrieved @ProfileValueSourceConfiguration [null] for test class [org.skroshka.idp.BlogApplicationTests]
20:14:05.531 [main] DEBUG org.springframework.test.annotation.ProfileValueUtils - Retrieved ProfileValueSource type [class org.springframework.test.annotation.SystemProfileValueSource] for class [org.skroshka.idp.BlogApplicationTests]
20:14:05.541 [main] DEBUG org.springframework.test.context.support.AbstractDirtiesContextTestExecutionListener - Before test class: context [DefaultTestContext@707194ba testClass = BlogApplicationTests, testInstance = [null], testMethod = [null], testException = [null], mergedContextConfiguration = [WebMergedContextConfiguration@1190200a testClass = BlogApplicationTests, locations = '{}', classes = '{class org.skroshka.idp.BlogApplication}', contextInitializerClasses = '[]', activeProfiles = '{}', propertySourceLocations = '{}', propertySourceProperties = '{org.springframework.boot.test.context.SpringBootTestContextBootstrapper=true}', contextCustomizers = set[org.springframework.boot.test.context.filter.ExcludeFilterContextCustomizer@7ba18f1b, org.springframework.boot.test.json.DuplicateJsonObjectContextCustomizerFactory$DuplicateJsonObjectContextCustomizer@7dc222ae, org.springframework.boot.test.mock.mockito.MockitoContextCustomizer@0, org.springframework.boot.test.web.client.TestRestTemplateContextCustomizer@2473b9ce, org.springframework.boot.test.autoconfigure.properties.PropertyMappingContextCustomizer@0, org.springframework.boot.test.autoconfigure.web.servlet.WebDriverContextCustomizerFactory$Customizer@33b37288], resourceBasePath = 'src/main/webapp', contextLoader = 'org.springframework.boot.test.context.SpringBootContextLoader', parent = [null]], attributes = map['org.springframework.test.context.web.ServletTestExecutionListener.activateListener' -> true]], class annotated with @DirtiesContext [false] with mode [null].
20:14:05.551 [main] DEBUG org.springframework.test.annotation.ProfileValueUtils - Retrieved @ProfileValueSourceConfiguration [null] for test class [org.skroshka.idp.BlogApplicationTests]
20:14:05.552 [main] DEBUG org.springframework.test.annotation.ProfileValueUtils - Retrieved ProfileValueSource type [class org.springframework.test.annotation.SystemProfileValueSource] for class [org.skroshka.idp.BlogApplicationTests]
20:14:05.616 [main] DEBUG org.springframework.core.env.StandardEnvironment - Adding PropertySource 'systemProperties' with lowest search precedence
20:14:05.616 [main] DEBUG org.springframework.core.env.StandardEnvironment - Adding PropertySource 'systemEnvironment' with lowest search precedence
20:14:05.617 [main] DEBUG org.springframework.core.env.StandardEnvironment - Initialized StandardEnvironment with PropertySources [MapPropertySource@960733886 {name='systemProperties', properties={java.runtime.name=Java(TM) SE Runtime Environment, sun.boot.library.path=C:\Program Files\Java\jdk1.8.0_151\jre\bin, java.vm.version=25.151-b12, java.vm.vendor=Oracle Corporation, java.vendor.url=http://java.oracle.com/, path.separator=;, java.vm.name=Java HotSpot(TM) 64-Bit Server VM, file.encoding.pkg=sun.io, user.country=US, user.script=, sun.java.launcher=SUN_STANDARD, sun.os.patch.level=, java.vm.specification.name=Java Virtual Machine Specification, user.dir=C:\Users\Serg\SVKBloggApp\Blog, java.runtime.version=1.8.0_151-b12, basedir=C:\Users\Serg\SVKBloggApp\Blog, java.awt.graphicsenv=sun.awt.Win32GraphicsEnvironment, java.endorsed.dirs=C:\Program Files\Java\jdk1.8.0_151\jre\lib\endorsed, os.arch=amd64, surefire.real.class.path=C:\Users\Serg\AppData\Local\Temp\surefire7957594509857146623\surefirebooter4802759646303850553.jar, java.io.tmpdir=C:\Users\Serg\AppData\Local\Temp\, line.separator=
, java.vm.specification.vendor=Oracle Corporation, user.variant=, os.name=Windows 10, sun.jnu.encoding=Cp1251, java.library.path=C:\Program Files\Java\jdk1.8.0_151\jre\bin;C:\WINDOWS\Sun\Java\bin;C:\WINDOWS\system32;C:\WINDOWS;C:\ProgramData\Oracle\Java\javapath;E:\app\client\Serg\product\12.2.0\client_1;E:\app\client\Serg\product\12.2.0\client_1\bin;C:\Program Files\Java\jdk1.8.0_151\bin;C:\oraclexe\app\oracle\product\11.2.0\server\bin;C:\Program Files (x86)\NVIDIA Corporation\PhysX\Common;C:\WINDOWS\system32;C:\WINDOWS;C:\WINDOWS\System32\Wbem;C:\WINDOWS\System32\WindowsPowerShell\v1.0\;C:\Program Files\OpenVPN\bin;C:\Users\Kate\AppData\Local\Citrix\SelfService\Program Files;C:\Program Files\TortoiseSVN\bin;D:\e\Install\Utils\maven\bin;C:\Program Files (x86)\Skype\Phone\;C:\Windows\Microsoft.NET\Framework64\v3.5\;C:\Users\Serg\AppData\Local\Microsoft\WindowsApps;C:\Windows\Microsoft.NET\Framework64\v3.5\;;., surefire.test.class.path=C:\Users\Serg\SVKBloggApp\Blog\target\test-classes;C:\Users\Serg\SVKBloggApp\Blog\target\classes;C:\Users\Serg\.m2\repository\org\springframework\boot\spring-boot-starter-data-jpa\2.0.1.BUILD-SNAPSHOT\spring-boot-starter-data-jpa-2.0.1.BUILD-SNAPSHOT.jar;C:\Users\Serg\.m2\repository\org\springframework\boot\spring-boot-starter\2.0.1.BUILD-SNAPSHOT\spring-boot-starter-2.0.1.BUILD-SNAPSHOT.jar;C:\Users\Serg\.m2\repository\org\springframework\boot\spring-boot-starter-logging\2.0.1.BUILD-SNAPSHOT\spring-boot-starter-logging-2.0.1.BUILD-SNAPSHOT.jar;C:\Users\Serg\.m2\repository\ch\qos\logback\logback-classic\1.2.3\logback-classic-1.2.3.jar;C:\Users\Serg\.m2\repository\ch\qos\logback\logback-core\1.2.3\logback-core-1.2.3.jar;C:\Users\Serg\.m2\repository\org\apache\logging\log4j\log4j-to-slf4j\2.10.0\log4j-to-slf4j-2.10.0.jar;C:\Users\Serg\.m2\repository\org\apache\logging\log4j\log4j-api\2.10.0\log4j-api-2.10.0.jar;C:\Users\Serg\.m2\repository\org\slf4j\jul-to-slf4j\1.7.25\jul-to-slf4j-1.7.25.jar;C:\Users\Serg\.m2\repository\javax\annotation\javax.annotation-api\1.3.2\javax.annotation-api-1.3.2.jar;C:\Users\Serg\.m2\repository\org\yaml\snakeyaml\1.19\snakeyaml-1.19.jar;C:\Users\Serg\.m2\repository\org\springframework\boot\spring-boot-starter-aop\2.0.1.BUILD-SNAPSHOT\spring-boot-starter-aop-2.0.1.BUILD-SNAPSHOT.jar;C:\Users\Serg\.m2\repository\org\aspectj\aspectjweaver\1.8.13\aspectjweaver-1.8.13.jar;C:\Users\Serg\.m2\repository\org\springframework\boot\spring-boot-starter-jdbc\2.0.1.BUILD-SNAPSHOT\spring-boot-starter-jdbc-2.0.1.BUILD-SNAPSHOT.jar;C:\Users\Serg\.m2\repository\com\zaxxer\HikariCP\2.7.8\HikariCP-2.7.8.jar;C:\Users\Serg\.m2\repository\org\springframework\spring-jdbc\5.0.5.BUILD-SNAPSHOT\spring-jdbc-5.0.5.BUILD-SNAPSHOT.jar;C:\Users\Serg\.m2\repository\org\hibernate\hibernate-core\5.2.16.Final\hibernate-core-5.2.16.Final.jar;C:\Users\Serg\.m2\repository\org\jboss\logging\jboss-logging\3.3.2.Final\jboss-logging-3.3.2.Final.jar;C:\Users\Serg\.m2\repository\org\hibernate\javax\persistence\hibernate-jpa-2.1-api\1.0.0.Final\hibernate-jpa-2.1-api-1.0.0.Final.jar;C:\Users\Serg\.m2\repository\org\javassist\javassist\3.22.0-GA\javassist-3.22.0-GA.jar;C:\Users\Serg\.m2\repository\antlr\antlr\2.7.7\antlr-2.7.7.jar;C:\Users\Serg\.m2\repository\org\jboss\jandex\2.0.3.Final\jandex-2.0.3.Final.jar;C:\Users\Serg\.m2\repository\com\fasterxml\classmate\1.3.4\classmate-1.3.4.jar;C:\Users\Serg\.m2\repository\dom4j\dom4j\1.6.1\dom4j-1.6.1.jar;C:\Users\Serg\.m2\repository\org\hibernate\common\hibernate-commons-annotations\5.0.1.Final\hibernate-commons-annotations-5.0.1.Final.jar;C:\Users\Serg\.m2\repository\javax\transaction\javax.transaction-api\1.2\javax.transaction-api-1.2.jar;C:\Users\Serg\.m2\repository\org\springframework\data\spring-data-jpa\2.0.5.RELEASE\spring-data-jpa-2.0.5.RELEASE.jar;C:\Users\Serg\.m2\repository\org\springframework\data\spring-data-commons\2.0.5.RELEASE\spring-data-commons-2.0.5.RELEASE.jar;C:\Users\Serg\.m2\repository\org\springframework\spring-orm\5.0.5.BUILD-SNAPSHOT\spring-orm-5.0.5.BUILD-SNAPSHOT.jar;C:\Users\Serg\.m2\repository\org\springframework\spring-context\5.0.5.BUILD-SNAPSHOT\spring-context-5.0.5.BUILD-SNAPSHOT.jar;C:\Users\Serg\.m2\repository\org\springframework\spring-tx\5.0.5.BUILD-SNAPSHOT\spring-tx-5.0.5.BUILD-SNAPSHOT.jar;C:\Users\Serg\.m2\repository\org\springframework\spring-beans\5.0.5.BUILD-SNAPSHOT\spring-beans-5.0.5.BUILD-SNAPSHOT.jar;C:\Users\Serg\.m2\repository\org\slf4j\slf4j-api\1.7.25\slf4j-api-1.7.25.jar;C:\Users\Serg\.m2\repository\org\springframework\spring-aspects\5.0.5.BUILD-SNAPSHOT\spring-aspects-5.0.5.BUILD-SNAPSHOT.jar;C:\Users\Serg\.m2\repository\org\springframework\boot\spring-boot-starter-security\2.0.1.BUILD-SNAPSHOT\spring-boot-starter-security-2.0.1.BUILD-SNAPSHOT.jar;C:\Users\Serg\.m2\repository\org\springframework\spring-aop\5.0.5.BUILD-SNAPSHOT\spring-aop-5.0.5.BUILD-SNAPSHOT.jar;C:\Users\Serg\.m2\repository\org\springframework\security\spring-security-config\5.0.3.RELEASE\spring-security-config-5.0.3.RELEASE.jar;C:\Users\Serg\.m2\repository\org\springframework\security\spring-security-web\5.0.3.RELEASE\spring-security-web-5.0.3.RELEASE.jar;C:\Users\Serg\.m2\repository\org\springframework\spring-expression\5.0.5.BUILD-SNAPSHOT\spring-expression-5.0.5.BUILD-SNAPSHOT.jar;C:\Users\Serg\.m2\repository\org\springframework\boot\spring-boot-starter-thymeleaf\2.0.1.BUILD-SNAPSHOT\spring-boot-starter-thymeleaf-2.0.1.BUILD-SNAPSHOT.jar;C:\Users\Serg\.m2\repository\org\thymeleaf\thymeleaf-spring5\3.0.9.RELEASE\thymeleaf-spring5-3.0.9.RELEASE.jar;C:\Users\Serg\.m2\repository\org\thymeleaf\thymeleaf\3.0.9.RELEASE\thymeleaf-3.0.9.RELEASE.jar;C:\Users\Serg\.m2\repository\org\attoparser\attoparser\2.0.4.RELEASE\attoparser-2.0.4.RELEASE.jar;C:\Users\Serg\.m2\repository\org\unbescape\unbescape\1.1.5.RELEASE\unbescape-1.1.5.RELEASE.jar;C:\Users\Serg\.m2\repository\org\thymeleaf\extras\thymeleaf-extras-java8time\3.0.1.RELEASE\thymeleaf-extras-java8time-3.0.1.RELEASE.jar;C:\Users\Serg\.m2\repository\org\springframework\boot\spring-boot-starter-web\2.0.1.BUILD-SNAPSHOT\spring-boot-starter-web-2.0.1.BUILD-SNAPSHOT.jar;C:\Users\Serg\.m2\repository\org\springframework\boot\spring-boot-starter-json\2.0.1.BUILD-SNAPSHOT\spring-boot-starter-json-2.0.1.BUILD-SNAPSHOT.jar;C:\Users\Serg\.m2\repository\com\fasterxml\jackson\core\jackson-databind\2.9.4\jackson-databind-2.9.4.jar;C:\Users\Serg\.m2\repository\com\fasterxml\jackson\core\jackson-annotations\2.9.0\jackson-annotations-2.9.0.jar;C:\Users\Serg\.m2\repository\com\fasterxml\jackson\core\jackson-core\2.9.4\jackson-core-2.9.4.jar;C:\Users\Serg\.m2\repository\com\fasterxml\jackson\datatype\jackson-datatype-jdk8\2.9.4\jackson-datatype-jdk8-2.9.4.jar;C:\Users\Serg\.m2\repository\com\fasterxml\jackson\datatype\jackson-datatype-jsr310\2.9.4\jackson-datatype-jsr310-2.9.4.jar;C:\Users\Serg\.m2\repository\com\fasterxml\jackson\module\jackson-module-parameter-names\2.9.4\jackson-module-parameter-names-2.9.4.jar;C:\Users\Serg\.m2\repository\org\springframework\boot\spring-boot-starter-tomcat\2.0.1.BUILD-SNAPSHOT\spring-boot-starter-tomcat-2.0.1.BUILD-SNAPSHOT.jar;C:\Users\Serg\.m2\repository\org\apache\tomcat\embed\tomcat-embed-core\8.5.29\tomcat-embed-core-8.5.29.jar;C:\Users\Serg\.m2\repository\org\apache\tomcat\embed\tomcat-embed-el\8.5.29\tomcat-embed-el-8.5.29.jar;C:\Users\Serg\.m2\repository\org\apache\tomcat\embed\tomcat-embed-websocket\8.5.29\tomcat-embed-websocket-8.5.29.jar;C:\Users\Serg\.m2\repository\org\hibernate\validator\hibernate-validator\6.0.8.Final\hibernate-validator-6.0.8.Final.jar;C:\Users\Serg\.m2\repository\javax\validation\validation-api\2.0.1.Final\validation-api-2.0.1.Final.jar;C:\Users\Serg\.m2\repository\org\springframework\spring-web\5.0.5.BUILD-SNAPSHOT\spring-web-5.0.5.BUILD-SNAPSHOT.jar;C:\Users\Serg\.m2\repository\org\springframework\spring-webmvc\5.0.5.BUILD-SNAPSHOT\spring-webmvc-5.0.5.BUILD-SNAPSHOT.jar;C:\Users\Serg\.m2\repository\org\springframework\boot\spring-boot-devtools\2.0.1.BUILD-SNAPSHOT\spring-boot-devtools-2.0.1.BUILD-SNAPSHOT.jar;C:\Users\Serg\.m2\repository\org\springframework\boot\spring-boot\2.0.1.BUILD-SNAPSHOT\spring-boot-2.0.1.BUILD-SNAPSHOT.jar;C:\Users\Serg\.m2\repository\org\springframework\boot\spring-boot-autoconfigure\2.0.1.BUILD-SNAPSHOT\spring-boot-autoconfigure-2.0.1.BUILD-SNAPSHOT.jar;C:\Users\Serg\.m2\repository\mysql\mysql-connector-java\5.1.46\mysql-connector-java-5.1.46.jar;C:\Users\Serg\.m2\repository\org\springframework\boot\spring-boot-starter-test\2.0.1.BUILD-SNAPSHOT\spring-boot-starter-test-2.0.1.BUILD-SNAPSHOT.jar;C:\Users\Serg\.m2\repository\org\springframework\boot\spring-boot-test\2.0.1.BUILD-SNAPSHOT\spring-boot-test-2.0.1.BUILD-SNAPSHOT.jar;C:\Users\Serg\.m2\repository\org\springframework\boot\spring-boot-test-autoconfigure\2.0.1.BUILD-SNAPSHOT\spring-boot-test-autoconfigure-2.0.1.BUILD-SNAPSHOT.jar;C:\Users\Serg\.m2\repository\com\jayway\jsonpath\json-path\2.4.0\json-path-2.4.0.jar;C:\Users\Serg\.m2\repository\net\minidev\json-smart\2.3\json-smart-2.3.jar;C:\Users\Serg\.m2\repository\net\minidev\accessors-smart\1.2\accessors-smart-1.2.jar;C:\Users\Serg\.m2\repository\org\ow2\asm\asm\5.0.4\asm-5.0.4.jar;C:\Users\Serg\.m2\repository\junit\junit\4.12\junit-4.12.jar;C:\Users\Serg\.m2\repository\org\assertj\assertj-core\3.9.1\assertj-core-3.9.1.jar;C:\Users\Serg\.m2\repository\org\mockito\mockito-core\2.15.0\mockito-core-2.15.0.jar;C:\Users\Serg\.m2\repository\net\bytebuddy\byte-buddy\1.7.11\byte-buddy-1.7.11.jar;C:\Users\Serg\.m2\repository\net\bytebuddy\byte-buddy-agent\1.7.11\byte-buddy-agent-1.7.11.jar;C:\Users\Serg\.m2\repository\org\objenesis\objenesis\2.6\objenesis-2.6.jar;C:\Users\Serg\.m2\repository\org\hamcrest\hamcrest-core\1.3\hamcrest-core-1.3.jar;C:\Users\Serg\.m2\repository\org\hamcrest\hamcrest-library\1.3\hamcrest-library-1.3.jar;C:\Users\Serg\.m2\repository\org\skyscreamer\jsonassert\1.5.0\jsonassert-1.5.0.jar;C:\Users\Serg\.m2\repository\com\vaadin\external\google\android-json\0.0.20131108.vaadin1\android-json-0.0.20131108.vaadin1.jar;C:\Users\Serg\.m2\repository\org\springframework\spring-core\5.0.5.BUILD-SNAPSHOT\spring-core-5.0.5.BUILD-SNAPSHOT.jar;C:\Users\Serg\.m2\repository\org\springframework\spring-jcl\5.0.5.BUILD-SNAPSHOT\spring-jcl-5.0.5.BUILD-SNAPSHOT.jar;C:\Users\Serg\.m2\repository\org\springframework\spring-test\5.0.5.BUILD-SNAPSHOT\spring-test-5.0.5.BUILD-SNAPSHOT.jar;C:\Users\Serg\.m2\repository\org\xmlunit\xmlunit-core\2.5.1\xmlunit-core-2.5.1.jar;C:\Users\Serg\.m2\repository\org\springframework\security\spring-security-test\5.0.3.RELEASE\spring-security-test-5.0.3.RELEASE.jar;C:\Users\Serg\.m2\repository\org\springframework\security\spring-security-core\5.0.3.RELEASE\spring-security-core-5.0.3.RELEASE.jar;C:\Users\Serg\.m2\repository\org\webjars\jquery\3.1.0\jquery-3.1.0.jar;C:\Users\Serg\.m2\repository\org\webjars\bootstrap\4.0.0-alpha.2\bootstrap-4.0.0-alpha.2.jar;, java.specification.name=Java Platform API Specification, java.class.version=52.0, sun.management.compiler=HotSpot 64-Bit Tiered Compilers, os.version=10.0, user.home=C:\Users\Serg, user.timezone=Europe/Helsinki, java.awt.printerjob=sun.awt.windows.WPrinterJob, file.encoding=Cp1251, java.specification.version=1.8, java.class.path=C:\Users\Serg\SVKBloggApp\Blog\target\test-classes;C:\Users\Serg\SVKBloggApp\Blog\target\classes;C:\Users\Serg\.m2\repository\org\springframework\boot\spring-boot-starter-data-jpa\2.0.1.BUILD-SNAPSHOT\spring-boot-starter-data-jpa-2.0.1.BUILD-SNAPSHOT.jar;C:\Users\Serg\.m2\repository\org\springframework\boot\spring-boot-starter\2.0.1.BUILD-SNAPSHOT\spring-boot-starter-2.0.1.BUILD-SNAPSHOT.jar;C:\Users\Serg\.m2\repository\org\springframework\boot\spring-boot-starter-logging\2.0.1.BUILD-SNAPSHOT\spring-boot-starter-logging-2.0.1.BUILD-SNAPSHOT.jar;C:\Users\Serg\.m2\repository\ch\qos\logback\logback-classic\1.2.3\logback-classic-1.2.3.jar;C:\Users\Serg\.m2\repository\ch\qos\logback\logback-core\1.2.3\logback-core-1.2.3.jar;C:\Users\Serg\.m2\repository\org\apache\logging\log4j\log4j-to-slf4j\2.10.0\log4j-to-slf4j-2.10.0.jar;C:\Users\Serg\.m2\repository\org\apache\logging\log4j\log4j-api\2.10.0\log4j-api-2.10.0.jar;C:\Users\Serg\.m2\repository\org\slf4j\jul-to-slf4j\1.7.25\jul-to-slf4j-1.7.25.jar;C:\Users\Serg\.m2\repository\javax\annotation\javax.annotation-api\1.3.2\javax.annotation-api-1.3.2.jar;C:\Users\Serg\.m2\repository\org\yaml\snakeyaml\1.19\snakeyaml-1.19.jar;C:\Users\Serg\.m2\repository\org\springframework\boot\spring-boot-starter-aop\2.0.1.BUILD-SNAPSHOT\spring-boot-starter-aop-2.0.1.BUILD-SNAPSHOT.jar;C:\Users\Serg\.m2\repository\org\aspectj\aspectjweaver\1.8.13\aspectjweaver-1.8.13.jar;C:\Users\Serg\.m2\repository\org\springframework\boot\spring-boot-starter-jdbc\2.0.1.BUILD-SNAPSHOT\spring-boot-starter-jdbc-2.0.1.BUILD-SNAPSHOT.jar;C:\Users\Serg\.m2\repository\com\zaxxer\HikariCP\2.7.8\HikariCP-2.7.8.jar;C:\Users\Serg\.m2\repository\org\springframework\spring-jdbc\5.0.5.BUILD-SNAPSHOT\spring-jdbc-5.0.5.BUILD-SNAPSHOT.jar;C:\Users\Serg\.m2\repository\org\hibernate\hibernate-core\5.2.16.Final\hibernate-core-5.2.16.Final.jar;C:\Users\Serg\.m2\repository\org\jboss\logging\jboss-logging\3.3.2.Final\jboss-logging-3.3.2.Final.jar;C:\Users\Serg\.m2\repository\org\hibernate\javax\persistence\hibernate-jpa-2.1-api\1.0.0.Final\hibernate-jpa-2.1-api-1.0.0.Final.jar;C:\Users\Serg\.m2\repository\org\javassist\javassist\3.22.0-GA\javassist-3.22.0-GA.jar;C:\Users\Serg\.m2\repository\antlr\antlr\2.7.7\antlr-2.7.7.jar;C:\Users\Serg\.m2\repository\org\jboss\jandex\2.0.3.Final\jandex-2.0.3.Final.jar;C:\Users\Serg\.m2\repository\com\fasterxml\classmate\1.3.4\classmate-1.3.4.jar;C:\Users\Serg\.m2\repository\dom4j\dom4j\1.6.1\dom4j-1.6.1.jar;C:\Users\Serg\.m2\repository\org\hibernate\common\hibernate-commons-annotations\5.0.1.Final\hibernate-commons-annotations-5.0.1.Final.jar;C:\Users\Serg\.m2\repository\javax\transaction\javax.transaction-api\1.2\javax.transaction-api-1.2.jar;C:\Users\Serg\.m2\repository\org\springframework\data\spring-data-jpa\2.0.5.RELEASE\spring-data-jpa-2.0.5.RELEASE.jar;C:\Users\Serg\.m2\repository\org\springframework\data\spring-data-commons\2.0.5.RELEASE\spring-data-commons-2.0.5.RELEASE.jar;C:\Users\Serg\.m2\repository\org\springframework\spring-orm\5.0.5.BUILD-SNAPSHOT\spring-orm-5.0.5.BUILD-SNAPSHOT.jar;C:\Users\Serg\.m2\repository\org\springframework\spring-context\5.0.5.BUILD-SNAPSHOT\spring-context-5.0.5.BUILD-SNAPSHOT.jar;C:\Users\Serg\.m2\repository\org\springframework\spring-tx\5.0.5.BUILD-SNAPSHOT\spring-tx-5.0.5.BUILD-SNAPSHOT.jar;C:\Users\Serg\.m2\repository\org\springframework\spring-beans\5.0.5.BUILD-SNAPSHOT\spring-beans-5.0.5.BUILD-SNAPSHOT.jar;C:\Users\Serg\.m2\repository\org\slf4j\slf4j-api\1.7.25\slf4j-api-1.7.25.jar;C:\Users\Serg\.m2\repository\org\springframework\spring-aspects\5.0.5.BUILD-SNAPSHOT\spring-aspects-5.0.5.BUILD-SNAPSHOT.jar;C:\Users\Serg\.m2\repository\org\springframework\boot\spring-boot-starter-security\2.0.1.BUILD-SNAPSHOT\spring-boot-starter-security-2.0.1.BUILD-SNAPSHOT.jar;C:\Users\Serg\.m2\repository\org\springframework\spring-aop\5.0.5.BUILD-SNAPSHOT\spring-aop-5.0.5.BUILD-SNAPSHOT.jar;C:\Users\Serg\.m2\repository\org\springframework\security\spring-security-config\5.0.3.RELEASE\spring-security-config-5.0.3.RELEASE.jar;C:\Users\Serg\.m2\repository\org\springframework\security\spring-security-web\5.0.3.RELEASE\spring-security-web-5.0.3.RELEASE.jar;C:\Users\Serg\.m2\repository\org\springframework\spring-expression\5.0.5.BUILD-SNAPSHOT\spring-expression-5.0.5.BUILD-SNAPSHOT.jar;C:\Users\Serg\.m2\repository\org\springframework\boot\spring-boot-starter-thymeleaf\2.0.1.BUILD-SNAPSHOT\spring-boot-starter-thymeleaf-2.0.1.BUILD-SNAPSHOT.jar;C:\Users\Serg\.m2\repository\org\thymeleaf\thymeleaf-spring5\3.0.9.RELEASE\thymeleaf-spring5-3.0.9.RELEASE.jar;C:\Users\Serg\.m2\repository\org\thymeleaf\thymeleaf\3.0.9.RELEASE\thymeleaf-3.0.9.RELEASE.jar;C:\Users\Serg\.m2\repository\org\attoparser\attoparser\2.0.4.RELEASE\attoparser-2.0.4.RELEASE.jar;C:\Users\Serg\.m2\repository\org\unbescape\unbescape\1.1.5.RELEASE\unbescape-1.1.5.RELEASE.jar;C:\Users\Serg\.m2\repository\org\thymeleaf\extras\thymeleaf-extras-java8time\3.0.1.RELEASE\thymeleaf-extras-java8time-3.0.1.RELEASE.jar;C:\Users\Serg\.m2\repository\org\springframework\boot\spring-boot-starter-web\2.0.1.BUILD-SNAPSHOT\spring-boot-starter-web-2.0.1.BUILD-SNAPSHOT.jar;C:\Users\Serg\.m2\repository\org\springframework\boot\spring-boot-starter-json\2.0.1.BUILD-SNAPSHOT\spring-boot-starter-json-2.0.1.BUILD-SNAPSHOT.jar;C:\Users\Serg\.m2\repository\com\fasterxml\jackson\core\jackson-databind\2.9.4\jackson-databind-2.9.4.jar;C:\Users\Serg\.m2\repository\com\fasterxml\jackson\core\jackson-annotations\2.9.0\jackson-annotations-2.9.0.jar;C:\Users\Serg\.m2\repository\com\fasterxml\jackson\core\jackson-core\2.9.4\jackson-core-2.9.4.jar;C:\Users\Serg\.m2\repository\com\fasterxml\jackson\datatype\jackson-datatype-jdk8\2.9.4\jackson-datatype-jdk8-2.9.4.jar;C:\Users\Serg\.m2\repository\com\fasterxml\jackson\datatype\jackson-datatype-jsr310\2.9.4\jackson-datatype-jsr310-2.9.4.jar;C:\Users\Serg\.m2\repository\com\fasterxml\jackson\module\jackson-module-parameter-names\2.9.4\jackson-module-parameter-names-2.9.4.jar;C:\Users\Serg\.m2\repository\org\springframework\boot\spring-boot-starter-tomcat\2.0.1.BUILD-SNAPSHOT\spring-boot-starter-tomcat-2.0.1.BUILD-SNAPSHOT.jar;C:\Users\Serg\.m2\repository\org\apache\tomcat\embed\tomcat-embed-core\8.5.29\tomcat-embed-core-8.5.29.jar;C:\Users\Serg\.m2\repository\org\apache\tomcat\embed\tomcat-embed-el\8.5.29\tomcat-embed-el-8.5.29.jar;C:\Users\Serg\.m2\repository\org\apache\tomcat\embed\tomcat-embed-websocket\8.5.29\tomcat-embed-websocket-8.5.29.jar;C:\Users\Serg\.m2\repository\org\hibernate\validator\hibernate-validator\6.0.8.Final\hibernate-validator-6.0.8.Final.jar;C:\Users\Serg\.m2\repository\javax\validation\validation-api\2.0.1.Final\validation-api-2.0.1.Final.jar;C:\Users\Serg\.m2\repository\org\springframework\spring-web\5.0.5.BUILD-SNAPSHOT\spring-web-5.0.5.BUILD-SNAPSHOT.jar;C:\Users\Serg\.m2\repository\org\springframework\spring-webmvc\5.0.5.BUILD-SNAPSHOT\spring-webmvc-5.0.5.BUILD-SNAPSHOT.jar;C:\Users\Serg\.m2\repository\org\springframework\boot\spring-boot-devtools\2.0.1.BUILD-SNAPSHOT\spring-boot-devtools-2.0.1.BUILD-SNAPSHOT.jar;C:\Users\Serg\.m2\repository\org\springframework\boot\spring-boot\2.0.1.BUILD-SNAPSHOT\spring-boot-2.0.1.BUILD-SNAPSHOT.jar;C:\Users\Serg\.m2\repository\org\springframework\boot\spring-boot-autoconfigure\2.0.1.BUILD-SNAPSHOT\spring-boot-autoconfigure-2.0.1.BUILD-SNAPSHOT.jar;C:\Users\Serg\.m2\repository\mysql\mysql-connector-java\5.1.46\mysql-connector-java-5.1.46.jar;C:\Users\Serg\.m2\repository\org\springframework\boot\spring-boot-starter-test\2.0.1.BUILD-SNAPSHOT\spring-boot-starter-test-2.0.1.BUILD-SNAPSHOT.jar;C:\Users\Serg\.m2\repository\org\springframework\boot\spring-boot-test\2.0.1.BUILD-SNAPSHOT\spring-boot-test-2.0.1.BUILD-SNAPSHOT.jar;C:\Users\Serg\.m2\repository\org\springframework\boot\spring-boot-test-autoconfigure\2.0.1.BUILD-SNAPSHOT\spring-boot-test-autoconfigure-2.0.1.BUILD-SNAPSHOT.jar;C:\Users\Serg\.m2\repository\com\jayway\jsonpath\json-path\2.4.0\json-path-2.4.0.jar;C:\Users\Serg\.m2\repository\net\minidev\json-smart\2.3\json-smart-2.3.jar;C:\Users\Serg\.m2\repository\net\minidev\accessors-smart\1.2\accessors-smart-1.2.jar;C:\Users\Serg\.m2\repository\org\ow2\asm\asm\5.0.4\asm-5.0.4.jar;C:\Users\Serg\.m2\repository\junit\junit\4.12\junit-4.12.jar;C:\Users\Serg\.m2\repository\org\assertj\assertj-core\3.9.1\assertj-core-3.9.1.jar;C:\Users\Serg\.m2\repository\org\mockito\mockito-core\2.15.0\mockito-core-2.15.0.jar;C:\Users\Serg\.m2\repository\net\bytebuddy\byte-buddy\1.7.11\byte-buddy-1.7.11.jar;C:\Users\Serg\.m2\repository\net\bytebuddy\byte-buddy-agent\1.7.11\byte-buddy-agent-1.7.11.jar;C:\Users\Serg\.m2\repository\org\objenesis\objenesis\2.6\objenesis-2.6.jar;C:\Users\Serg\.m2\repository\org\hamcrest\hamcrest-core\1.3\hamcrest-core-1.3.jar;C:\Users\Serg\.m2\repository\org\hamcrest\hamcrest-library\1.3\hamcrest-library-1.3.jar;C:\Users\Serg\.m2\repository\org\skyscreamer\jsonassert\1.5.0\jsonassert-1.5.0.jar;C:\Users\Serg\.m2\repository\com\vaadin\external\google\android-json\0.0.20131108.vaadin1\android-json-0.0.20131108.vaadin1.jar;C:\Users\Serg\.m2\repository\org\springframework\spring-core\5.0.5.BUILD-SNAPSHOT\spring-core-5.0.5.BUILD-SNAPSHOT.jar;C:\Users\Serg\.m2\repository\org\springframework\spring-jcl\5.0.5.BUILD-SNAPSHOT\spring-jcl-5.0.5.BUILD-SNAPSHOT.jar;C:\Users\Serg\.m2\repository\org\springframework\spring-test\5.0.5.BUILD-SNAPSHOT\spring-test-5.0.5.BUILD-SNAPSHOT.jar;C:\Users\Serg\.m2\repository\org\xmlunit\xmlunit-core\2.5.1\xmlunit-core-2.5.1.jar;C:\Users\Serg\.m2\repository\org\springframework\security\spring-security-test\5.0.3.RELEASE\spring-security-test-5.0.3.RELEASE.jar;C:\Users\Serg\.m2\repository\org\springframework\security\spring-security-core\5.0.3.RELEASE\spring-security-core-5.0.3.RELEASE.jar;C:\Users\Serg\.m2\repository\org\webjars\jquery\3.1.0\jquery-3.1.0.jar;C:\Users\Serg\.m2\repository\org\webjars\bootstrap\4.0.0-alpha.2\bootstrap-4.0.0-alpha.2.jar;, user.name=Serg, java.vm.specification.version=1.8, sun.java.command=C:\Users\Serg\AppData\Local\Temp\surefire7957594509857146623\surefirebooter4802759646303850553.jar C:\Users\Serg\AppData\Local\Temp\surefire7957594509857146623 2018-03-24T20-13-59_169-jvmRun1 surefire7493234117622134394tmp surefire_07917300597116798053tmp, java.home=C:\Program Files\Java\jdk1.8.0_151\jre, sun.arch.data.model=64, user.language=en, java.specification.vendor=Oracle Corporation, awt.toolkit=sun.awt.windows.WToolkit, java.vm.info=mixed mode, java.version=1.8.0_151, java.ext.dirs=C:\Program Files\Java\jdk1.8.0_151\jre\lib\ext;C:\WINDOWS\Sun\Java\lib\ext, sun.boot.class.path=C:\Program Files\Java\jdk1.8.0_151\jre\lib\resources.jar;C:\Program Files\Java\jdk1.8.0_151\jre\lib\rt.jar;C:\Program Files\Java\jdk1.8.0_151\jre\lib\sunrsasign.jar;C:\Program Files\Java\jdk1.8.0_151\jre\lib\jsse.jar;C:\Program Files\Java\jdk1.8.0_151\jre\lib\jce.jar;C:\Program Files\Java\jdk1.8.0_151\jre\lib\charsets.jar;C:\Program Files\Java\jdk1.8.0_151\jre\lib\jfr.jar;C:\Program Files\Java\jdk1.8.0_151\jre\classes, java.vendor=Oracle Corporation, localRepository=C:\Users\Serg\.m2\repository, file.separator=\, java.vendor.url.bug=http://bugreport.sun.com/bugreport/, sun.io.unicode.encoding=UnicodeLittle, sun.cpu.endian=little, sun.desktop=windows, sun.cpu.isalist=amd64}}, SystemEnvironmentPropertySource@875917495 {name='systemEnvironment', properties={PATH=C:\ProgramData\Oracle\Java\javapath;E:\app\client\Serg\product\12.2.0\client_1;E:\app\client\Serg\product\12.2.0\client_1\bin;C:\Program Files\Java\jdk1.8.0_151\bin;C:\oraclexe\app\oracle\product\11.2.0\server\bin;C:\Program Files (x86)\NVIDIA Corporation\PhysX\Common;C:\WINDOWS\system32;C:\WINDOWS;C:\WINDOWS\System32\Wbem;C:\WINDOWS\System32\WindowsPowerShell\v1.0\;C:\Program Files\OpenVPN\bin;C:\Users\Kate\AppData\Local\Citrix\SelfService\Program Files;C:\Program Files\TortoiseSVN\bin;D:\e\Install\Utils\maven\bin;C:\Program Files (x86)\Skype\Phone\;C:\Windows\Microsoft.NET\Framework64\v3.5\;C:\Users\Serg\AppData\Local\Microsoft\WindowsApps;C:\Windows\Microsoft.NET\Framework64\v3.5\;, USERDOMAIN_ROAMINGPROFILE=Taurus, PROCESSOR_LEVEL=15, SYSTEMDRIVE=C:, FP_NO_HOST_CHECK=NO, SESSIONNAME=Console, ALLUSERSPROFILE=C:\ProgramData, PROCESSOR_ARCHITECTURE=AMD64, PROGRAMFILES=C:\Program Files, PSMODULEPATH=C:\WINDOWS\system32\WindowsPowerShell\v1.0\Modules\, PROGRAMDATA=C:\ProgramData, USERNAME=Serg, JDK_HOME=C:\Program Files\Java\jdk1.8.0_151, WDIR=C:\Users\Serg\SVKBloggApp\Blog, FPS_BROWSER_USER_PROFILE_STRING=Default, ONEDRIVE=C:\Users\Serg\OneDrive, PATHEXT=.COM;.EXE;.BAT;.CMD;.VBS;.VBE;.JS;.JSE;.WSF;.WSH;.MSC, CLASSWORLDS_JAR="D:\e\Install\Utils\maven\boot\plexus-classworlds-2.5.2.jar", WINDIR=C:\WINDOWS, HOMEPATH=\Users\Serg, PROCESSOR_IDENTIFIER=AMD64 Family 15 Model 67 Stepping 3, AuthenticAMD, FARLOCALPROFILE=C:\Users\Serg\AppData\Local\Far Manager\Profile, M2_HOME=D:\e\Install\Utils\maven, MAVEN_JAVA_EXE="C:\Program Files\Java\jdk1.8.0_151\bin\java.exe", PUBLIC=C:\Users\Public, =::=::\, LOCALAPPDATA=C:\Users\Serg\AppData\Local, COMMONPROGRAMFILES(X86)=C:\Program Files (x86)\Common Files, USERDOMAIN=Taurus, FPS_BROWSER_APP_PROFILE_STRING=Internet Explorer, LOGONSERVER=\\TAURUS, JAVA_HOME=C:\Program Files\Java\jdk1.8.0_151, PROMPT=$P$G, PROGRAMFILES(X86)=C:\Program Files (x86), ERROR_CODE=0, EXEC_DIR=C:\Users\Serg\SVKBloggApp\Blog, FARHOME=C:\Program Files\Far Manager, =C:=C:\Users\Serg\SVKBloggApp\Blog, APPDATA=C:\Users\Serg\AppData\Roaming, PROGRAMW6432=C:\Program Files, SYSTEMROOT=C:\WINDOWS, FARPROFILE=C:\Users\Serg\AppData\Roaming\Far Manager\Profile, MAVEN_CMD_LINE_ARGS=clean package, FARLANG=English, OS=Windows_NT, COMMONPROGRAMW6432=C:\Program Files\Common Files, COMPUTERNAME=TAURUS, COMMONPROGRAMFILES=C:\Program Files\Common Files, COMSPEC=C:\WINDOWS\system32\cmd.exe, MAVEN_PROJECTBASEDIR=C:\Users\Serg\SVKBloggApp\Blog, PROCESSOR_REVISION=4303, CLASSPATH=., CLASSWORLDS_LAUNCHER=org.codehaus.plexus.classworlds.launcher.Launcher, TEMP=C:\Users\Serg\AppData\Local\Temp, HOMEDRIVE=C:, USERPROFILE=C:\Users\Serg, TMP=C:\Users\Serg\AppData\Local\Temp, NUMBER_OF_PROCESSORS=2, HOME=C:\Users\Serg}}]
20:14:05.637 [main] DEBUG org.springframework.test.context.support.TestPropertySourceUtils - Adding inlined properties to environment: {spring.jmx.enabled=false, org.springframework.boot.test.context.SpringBootTestContextBootstrapper=true, server.port=-1}
20:14:05.647 [main] DEBUG org.springframework.core.env.StandardEnvironment - Adding PropertySource 'Inlined Test Properties' with highest search precedence

  .   ____          _            __ _ _
 /\\ / ___'_ __ _ _(_)_ __  __ _ \ \ \ \
( ( )\___ | '_ | '_| | '_ \/ _` | \ \ \ \
 \\/  ___)| |_)| | | | | || (_| |  ) ) ) )
  '  |____| .__|_| |_|_| |_\__, | / / / /
 =========|_|==============|___/=/_/_/_/
 :: Spring Boot ::  (v2.0.1.BUILD-SNAPSHOT)

2018-03-24 20:14:06.556  INFO 5600 --- [           main] org.skroshka.idp.BlogApplicationTests    : Starting BlogApplicationTests on Taurus with PID 5600 (started by Serg in C:\Users\Serg\SVKBloggApp\Blog)
2018-03-24 20:14:06.560  INFO 5600 --- [           main] org.skroshka.idp.BlogApplicationTests    : No active profile set, falling back to default profiles: default
2018-03-24 20:14:06.697  INFO 5600 --- [           main] o.s.w.c.s.GenericWebApplicationContext   : Refreshing org.springframework.web.context.support.GenericWebApplicationContext@c430e6c: startup date [Sat Mar 24 20:14:06 EET 2018]; root of context hierarchy
2018-03-24 20:14:10.748  INFO 5600 --- [           main] trationDelegate$BeanPostProcessorChecker : Bean 'org.springframework.transaction.annotation.ProxyTransactionManagementConfiguration' of type [org.springframework.transaction.annotation.ProxyTransactionManagementConfiguration$$EnhancerBySpringCGLIB$$667bf823] is not eligible for getting processed by all BeanPostProcessors (for example: not eligible for auto-proxying)
2018-03-24 20:14:11.423  INFO 5600 --- [           main] com.zaxxer.hikari.HikariDataSource       : springuser - Starting...
2018-03-24 20:14:12.934 ERROR 5600 --- [           main] com.zaxxer.hikari.pool.HikariPool        : springuser - Exception during pool initialization.

java.sql.SQLException: Access denied for user ''@'localhost' (using password: YES)
	at com.mysql.jdbc.SQLError.createSQLException(SQLError.java:965) ~[mysql-connector-java-5.1.46.jar:5.1.46]
	at com.mysql.jdbc.MysqlIO.checkErrorPacket(MysqlIO.java:3976) ~[mysql-connector-java-5.1.46.jar:5.1.46]
	at com.mysql.jdbc.MysqlIO.checkErrorPacket(MysqlIO.java:3912) ~[mysql-connector-java-5.1.46.jar:5.1.46]
	at com.mysql.jdbc.MysqlIO.checkErrorPacket(MysqlIO.java:871) ~[mysql-connector-java-5.1.46.jar:5.1.46]
	at com.mysql.jdbc.MysqlIO.proceedHandshakeWithPluggableAuthentication(MysqlIO.java:1714) ~[mysql-connector-java-5.1.46.jar:5.1.46]
	at com.mysql.jdbc.MysqlIO.doHandshake(MysqlIO.java:1224) ~[mysql-connector-java-5.1.46.jar:5.1.46]
	at com.mysql.jdbc.ConnectionImpl.coreConnect(ConnectionImpl.java:2190) ~[mysql-connector-java-5.1.46.jar:5.1.46]
	at com.mysql.jdbc.ConnectionImpl.connectOneTryOnly(ConnectionImpl.java:2221) ~[mysql-connector-java-5.1.46.jar:5.1.46]
	at com.mysql.jdbc.ConnectionImpl.createNewIO(ConnectionImpl.java:2016) ~[mysql-connector-java-5.1.46.jar:5.1.46]
	at com.mysql.jdbc.ConnectionImpl.<init>(ConnectionImpl.java:776) ~[mysql-connector-java-5.1.46.jar:5.1.46]
	at com.mysql.jdbc.JDBC4Connection.<init>(JDBC4Connection.java:47) ~[mysql-connector-java-5.1.46.jar:5.1.46]
	at sun.reflect.NativeConstructorAccessorImpl.newInstance0(Native Method) ~[na:1.8.0_151]
	at sun.reflect.NativeConstructorAccessorImpl.newInstance(NativeConstructorAccessorImpl.java:62) ~[na:1.8.0_151]
	at sun.reflect.DelegatingConstructorAccessorImpl.newInstance(DelegatingConstructorAccessorImpl.java:45) ~[na:1.8.0_151]
	at java.lang.reflect.Constructor.newInstance(Constructor.java:423) ~[na:1.8.0_151]
	at com.mysql.jdbc.Util.handleNewInstance(Util.java:425) ~[mysql-connector-java-5.1.46.jar:5.1.46]
	at com.mysql.jdbc.ConnectionImpl.getInstance(ConnectionImpl.java:386) ~[mysql-connector-java-5.1.46.jar:5.1.46]
	at com.mysql.jdbc.NonRegisteringDriver.connect(NonRegisteringDriver.java:330) ~[mysql-connector-java-5.1.46.jar:5.1.46]
	at com.zaxxer.hikari.util.DriverDataSource.getConnection(DriverDataSource.java:117) ~[HikariCP-2.7.8.jar:na]
	at com.zaxxer.hikari.pool.PoolBase.newConnection(PoolBase.java:365) ~[HikariCP-2.7.8.jar:na]
	at com.zaxxer.hikari.pool.PoolBase.newPoolEntry(PoolBase.java:194) ~[HikariCP-2.7.8.jar:na]
	at com.zaxxer.hikari.pool.HikariPool.createPoolEntry(HikariPool.java:460) [HikariCP-2.7.8.jar:na]
	at com.zaxxer.hikari.pool.HikariPool.checkFailFast(HikariPool.java:534) [HikariCP-2.7.8.jar:na]
	at com.zaxxer.hikari.pool.HikariPool.<init>(HikariPool.java:115) [HikariCP-2.7.8.jar:na]
	at com.zaxxer.hikari.HikariDataSource.getConnection(HikariDataSource.java:112) [HikariCP-2.7.8.jar:na]
	at org.springframework.jdbc.datasource.DataSourceUtils.fetchConnection(DataSourceUtils.java:151) [spring-jdbc-5.0.5.BUILD-SNAPSHOT.jar:5.0.5.BUILD-SNAPSHOT]
	at org.springframework.jdbc.datasource.DataSourceUtils.doGetConnection(DataSourceUtils.java:115) [spring-jdbc-5.0.5.BUILD-SNAPSHOT.jar:5.0.5.BUILD-SNAPSHOT]
	at org.springframework.jdbc.datasource.DataSourceUtils.getConnection(DataSourceUtils.java:78) [spring-jdbc-5.0.5.BUILD-SNAPSHOT.jar:5.0.5.BUILD-SNAPSHOT]
	at org.springframework.jdbc.support.JdbcUtils.extractDatabaseMetaData(JdbcUtils.java:318) [spring-jdbc-5.0.5.BUILD-SNAPSHOT.jar:5.0.5.BUILD-SNAPSHOT]
	at org.springframework.jdbc.support.JdbcUtils.extractDatabaseMetaData(JdbcUtils.java:355) [spring-jdbc-5.0.5.BUILD-SNAPSHOT.jar:5.0.5.BUILD-SNAPSHOT]
	at org.springframework.boot.autoconfigure.orm.jpa.DatabaseLookup.getDatabase(DatabaseLookup.java:72) [spring-boot-autoconfigure-2.0.1.BUILD-SNAPSHOT.jar:2.0.1.BUILD-SNAPSHOT]
	at org.springframework.boot.autoconfigure.orm.jpa.JpaProperties.determineDatabase(JpaProperties.java:169) [spring-boot-autoconfigure-2.0.1.BUILD-SNAPSHOT.jar:2.0.1.BUILD-SNAPSHOT]
	at org.springframework.boot.autoconfigure.orm.jpa.JpaBaseConfiguration.jpaVendorAdapter(JpaBaseConfiguration.java:111) [spring-boot-autoconfigure-2.0.1.BUILD-SNAPSHOT.jar:2.0.1.BUILD-SNAPSHOT]
	at org.springframework.boot.autoconfigure.orm.jpa.HibernateJpaConfiguration$$EnhancerBySpringCGLIB$$8552ba92.CGLIB$jpaVendorAdapter$6(<generated>) [spring-boot-autoconfigure-2.0.1.BUILD-SNAPSHOT.jar:2.0.1.BUILD-SNAPSHOT]
	at org.springframework.boot.autoconfigure.orm.jpa.HibernateJpaConfiguration$$EnhancerBySpringCGLIB$$8552ba92$$FastClassBySpringCGLIB$$88aa9aa1.invoke(<generated>) [spring-boot-autoconfigure-2.0.1.BUILD-SNAPSHOT.jar:2.0.1.BUILD-SNAPSHOT]
	at org.springframework.cglib.proxy.MethodProxy.invokeSuper(MethodProxy.java:228) [spring-core-5.0.5.BUILD-SNAPSHOT.jar:5.0.5.BUILD-SNAPSHOT]
	at org.springframework.context.annotation.ConfigurationClassEnhancer$BeanMethodInterceptor.intercept(ConfigurationClassEnhancer.java:361) [spring-context-5.0.5.BUILD-SNAPSHOT.jar:5.0.5.BUILD-SNAPSHOT]
	at org.springframework.boot.autoconfigure.orm.jpa.HibernateJpaConfiguration$$EnhancerBySpringCGLIB$$8552ba92.jpaVendorAdapter(<generated>) [spring-boot-autoconfigure-2.0.1.BUILD-SNAPSHOT.jar:2.0.1.BUILD-SNAPSHOT]
	at sun.reflect.NativeMethodAccessorImpl.invoke0(Native Method) ~[na:1.8.0_151]
	at sun.reflect.NativeMethodAccessorImpl.invoke(NativeMethodAccessorImpl.java:62) ~[na:1.8.0_151]
	at sun.reflect.DelegatingMethodAccessorImpl.invoke(DelegatingMethodAccessorImpl.java:43) ~[na:1.8.0_151]
	at java.lang.reflect.Method.invoke(Method.java:498) ~[na:1.8.0_151]
	at org.springframework.beans.factory.support.SimpleInstantiationStrategy.instantiate(SimpleInstantiationStrategy.java:154) [spring-beans-5.0.5.BUILD-SNAPSHOT.jar:5.0.5.BUILD-SNAPSHOT]
	at org.springframework.beans.factory.support.ConstructorResolver.instantiateUsingFactoryMethod(ConstructorResolver.java:579) [spring-beans-5.0.5.BUILD-SNAPSHOT.jar:5.0.5.BUILD-SNAPSHOT]
	at org.springframework.beans.factory.support.AbstractAutowireCapableBeanFactory.instantiateUsingFactoryMethod(AbstractAutowireCapableBeanFactory.java:1250) [spring-beans-5.0.5.BUILD-SNAPSHOT.jar:5.0.5.BUILD-SNAPSHOT]
	at org.springframework.beans.factory.support.AbstractAutowireCapableBeanFactory.createBeanInstance(AbstractAutowireCapableBeanFactory.java:1099) [spring-beans-5.0.5.BUILD-SNAPSHOT.jar:5.0.5.BUILD-SNAPSHOT]
	at org.springframework.beans.factory.support.AbstractAutowireCapableBeanFactory.doCreateBean(AbstractAutowireCapableBeanFactory.java:541) [spring-beans-5.0.5.BUILD-SNAPSHOT.jar:5.0.5.BUILD-SNAPSHOT]
	at org.springframework.beans.factory.support.AbstractAutowireCapableBeanFactory.createBean(AbstractAutowireCapableBeanFactory.java:501) [spring-beans-5.0.5.BUILD-SNAPSHOT.jar:5.0.5.BUILD-SNAPSHOT]
	at org.springframework.beans.factory.support.AbstractBeanFactory.lambda$doGetBean$0(AbstractBeanFactory.java:317) [spring-beans-5.0.5.BUILD-SNAPSHOT.jar:5.0.5.BUILD-SNAPSHOT]
	at org.springframework.beans.factory.support.DefaultSingletonBeanRegistry.getSingleton(DefaultSingletonBeanRegistry.java:228) ~[spring-beans-5.0.5.BUILD-SNAPSHOT.jar:5.0.5.BUILD-SNAPSHOT]
	at org.springframework.beans.factory.support.AbstractBeanFactory.doGetBean(AbstractBeanFactory.java:315) [spring-beans-5.0.5.BUILD-SNAPSHOT.jar:5.0.5.BUILD-SNAPSHOT]
	at org.springframework.beans.factory.support.AbstractBeanFactory.getBean(AbstractBeanFactory.java:199) [spring-beans-5.0.5.BUILD-SNAPSHOT.jar:5.0.5.BUILD-SNAPSHOT]
	at org.springframework.beans.factory.config.DependencyDescriptor.resolveCandidate(DependencyDescriptor.java:251) ~[spring-beans-5.0.5.BUILD-SNAPSHOT.jar:5.0.5.BUILD-SNAPSHOT]
	at org.springframework.beans.factory.support.DefaultListableBeanFactory.doResolveDependency(DefaultListableBeanFactory.java:1138) ~[spring-beans-5.0.5.BUILD-SNAPSHOT.jar:5.0.5.BUILD-SNAPSHOT]
	at org.springframework.beans.factory.support.DefaultListableBeanFactory.resolveDependency(DefaultListableBeanFactory.java:1065) ~[spring-beans-5.0.5.BUILD-SNAPSHOT.jar:5.0.5.BUILD-SNAPSHOT]
	at org.springframework.beans.factory.support.ConstructorResolver.resolveAutowiredArgument(ConstructorResolver.java:815) [spring-beans-5.0.5.BUILD-SNAPSHOT.jar:5.0.5.BUILD-SNAPSHOT]
	at org.springframework.beans.factory.support.ConstructorResolver.createArgumentArray(ConstructorResolver.java:721) [spring-beans-5.0.5.BUILD-SNAPSHOT.jar:5.0.5.BUILD-SNAPSHOT]
	at org.springframework.beans.factory.support.ConstructorResolver.instantiateUsingFactoryMethod(ConstructorResolver.java:470) [spring-beans-5.0.5.BUILD-SNAPSHOT.jar:5.0.5.BUILD-SNAPSHOT]
	at org.springframework.beans.factory.support.AbstractAutowireCapableBeanFactory.instantiateUsingFactoryMethod(AbstractAutowireCapableBeanFactory.java:1250) [spring-beans-5.0.5.BUILD-SNAPSHOT.jar:5.0.5.BUILD-SNAPSHOT]
	at org.springframework.beans.factory.support.AbstractAutowireCapableBeanFactory.createBeanInstance(AbstractAutowireCapableBeanFactory.java:1099) [spring-beans-5.0.5.BUILD-SNAPSHOT.jar:5.0.5.BUILD-SNAPSHOT]
	at org.springframework.beans.factory.support.AbstractAutowireCapableBeanFactory.doCreateBean(AbstractAutowireCapableBeanFactory.java:541) [spring-beans-5.0.5.BUILD-SNAPSHOT.jar:5.0.5.BUILD-SNAPSHOT]
	at org.springframework.beans.factory.support.AbstractAutowireCapableBeanFactory.createBean(AbstractAutowireCapableBeanFactory.java:501) [spring-beans-5.0.5.BUILD-SNAPSHOT.jar:5.0.5.BUILD-SNAPSHOT]
	at org.springframework.beans.factory.support.AbstractBeanFactory.lambda$doGetBean$0(AbstractBeanFactory.java:317) [spring-beans-5.0.5.BUILD-SNAPSHOT.jar:5.0.5.BUILD-SNAPSHOT]
	at org.springframework.beans.factory.support.DefaultSingletonBeanRegistry.getSingleton(DefaultSingletonBeanRegistry.java:228) ~[spring-beans-5.0.5.BUILD-SNAPSHOT.jar:5.0.5.BUILD-SNAPSHOT]
	at org.springframework.beans.factory.support.AbstractBeanFactory.doGetBean(AbstractBeanFactory.java:315) [spring-beans-5.0.5.BUILD-SNAPSHOT.jar:5.0.5.BUILD-SNAPSHOT]
	at org.springframework.beans.factory.support.AbstractBeanFactory.getBean(AbstractBeanFactory.java:199) [spring-beans-5.0.5.BUILD-SNAPSHOT.jar:5.0.5.BUILD-SNAPSHOT]
	at org.springframework.beans.factory.config.DependencyDescriptor.resolveCandidate(DependencyDescriptor.java:251) ~[spring-beans-5.0.5.BUILD-SNAPSHOT.jar:5.0.5.BUILD-SNAPSHOT]
	at org.springframework.beans.factory.support.DefaultListableBeanFactory.doResolveDependency(DefaultListableBeanFactory.java:1138) ~[spring-beans-5.0.5.BUILD-SNAPSHOT.jar:5.0.5.BUILD-SNAPSHOT]
	at org.springframework.beans.factory.support.DefaultListableBeanFactory.resolveDependency(DefaultListableBeanFactory.java:1065) ~[spring-beans-5.0.5.BUILD-SNAPSHOT.jar:5.0.5.BUILD-SNAPSHOT]
	at org.springframework.beans.factory.support.ConstructorResolver.resolveAutowiredArgument(ConstructorResolver.java:815) [spring-beans-5.0.5.BUILD-SNAPSHOT.jar:5.0.5.BUILD-SNAPSHOT]
	at org.springframework.beans.factory.support.ConstructorResolver.createArgumentArray(ConstructorResolver.java:721) [spring-beans-5.0.5.BUILD-SNAPSHOT.jar:5.0.5.BUILD-SNAPSHOT]
	at org.springframework.beans.factory.support.ConstructorResolver.instantiateUsingFactoryMethod(ConstructorResolver.java:470) [spring-beans-5.0.5.BUILD-SNAPSHOT.jar:5.0.5.BUILD-SNAPSHOT]
	at org.springframework.beans.factory.support.AbstractAutowireCapableBeanFactory.instantiateUsingFactoryMethod(AbstractAutowireCapableBeanFactory.java:1250) [spring-beans-5.0.5.BUILD-SNAPSHOT.jar:5.0.5.BUILD-SNAPSHOT]
	at org.springframework.beans.factory.support.AbstractAutowireCapableBeanFactory.createBeanInstance(AbstractAutowireCapableBeanFactory.java:1099) [spring-beans-5.0.5.BUILD-SNAPSHOT.jar:5.0.5.BUILD-SNAPSHOT]
	at org.springframework.beans.factory.support.AbstractAutowireCapableBeanFactory.doCreateBean(AbstractAutowireCapableBeanFactory.java:541) [spring-beans-5.0.5.BUILD-SNAPSHOT.jar:5.0.5.BUILD-SNAPSHOT]
	at org.springframework.beans.factory.support.AbstractAutowireCapableBeanFactory.createBean(AbstractAutowireCapableBeanFactory.java:501) [spring-beans-5.0.5.BUILD-SNAPSHOT.jar:5.0.5.BUILD-SNAPSHOT]
[...]
	at org.springframework.test.context.junit4.SpringJUnit4ClassRunner.createTest(SpringJUnit4ClassRunner.java:227) [spring-test-5.0.5.BUILD-SNAPSHOT.jar:5.0.5.BUILD-SNAPSHOT]
	at org.springframework.test.context.junit4.SpringJUnit4ClassRunner$1.runReflectiveCall(SpringJUnit4ClassRunner.java:289) [spring-test-5.0.5.BUILD-SNAPSHOT.jar:5.0.5.BUILD-SNAPSHOT]
	at org.junit.internal.runners.model.ReflectiveCallable.run(ReflectiveCallable.java:12) [junit-4.12.jar:4.12]
	at org.springframework.test.context.junit4.SpringJUnit4ClassRunner.methodBlock(SpringJUnit4ClassRunner.java:291) [spring-test-5.0.5.BUILD-SNAPSHOT.jar:5.0.5.BUILD-SNAPSHOT]
	at org.springframework.test.context.junit4.SpringJUnit4ClassRunner.runChild(SpringJUnit4ClassRunner.java:246) [spring-test-5.0.5.BUILD-SNAPSHOT.jar:5.0.5.BUILD-SNAPSHOT]
	at org.springframework.test.context.junit4.SpringJUnit4ClassRunner.runChild(SpringJUnit4ClassRunner.java:97) [spring-test-5.0.5.BUILD-SNAPSHOT.jar:5.0.5.BUILD-SNAPSHOT]
	at org.junit.runners.ParentRunner$3.run(ParentRunner.java:290) [junit-4.12.jar:4.12]
	at org.junit.runners.ParentRunner$1.schedule(ParentRunner.java:71) [junit-4.12.jar:4.12]
	at org.junit.runners.ParentRunner.runChildren(ParentRunner.java:288) [junit-4.12.jar:4.12]
	at org.junit.runners.ParentRunner.access$000(ParentRunner.java:58) [junit-4.12.jar:4.12]
	at org.junit.runners.ParentRunner$2.evaluate(ParentRunner.java:268) [junit-4.12.jar:4.12]
	at org.springframework.test.context.junit4.statements.RunBeforeTestClassCallbacks.evaluate(RunBeforeTestClassCallbacks.java:61) [spring-test-5.0.5.BUILD-SNAPSHOT.jar:5.0.5.BUILD-SNAPSHOT]
	at org.springframework.test.context.junit4.statements.RunAfterTestClassCallbacks.evaluate(RunAfterTestClassCallbacks.java:70) [spring-test-5.0.5.BUILD-SNAPSHOT.jar:5.0.5.BUILD-SNAPSHOT]
	at org.junit.runners.ParentRunner.run(ParentRunner.java:363) [junit-4.12.jar:4.12]
	at org.springframework.test.context.junit4.SpringJUnit4ClassRunner.run(SpringJUnit4ClassRunner.java:190) [spring-test-5.0.5.BUILD-SNAPSHOT.jar:5.0.5.BUILD-SNAPSHOT]
	at org.apache.maven.surefire.junit4.JUnit4Provider.execute(JUnit4Provider.java:369) [surefire-junit4-2.20.1.jar:2.20.1]
	at org.apache.maven.surefire.junit4.JUnit4Provider.executeWithRerun(JUnit4Provider.java:275) [surefire-junit4-2.20.1.jar:2.20.1]
	at org.apache.maven.surefire.junit4.JUnit4Provider.executeTestSet(JUnit4Provider.java:239) [surefire-junit4-2.20.1.jar:2.20.1]
	at org.apache.maven.surefire.junit4.JUnit4Provider.invoke(JUnit4Provider.java:160) [surefire-junit4-2.20.1.jar:2.20.1]
	at org.apache.maven.surefire.booter.ForkedBooter.invokeProviderInSameClassLoader(ForkedBooter.java:373) [surefire-booter-2.20.1.jar:2.20.1]
	at org.apache.maven.surefire.booter.ForkedBooter.runSuitesInProcess(ForkedBooter.java:334) [surefire-booter-2.20.1.jar:2.20.1]
	at org.apache.maven.surefire.booter.ForkedBooter.execute(ForkedBooter.java:119) [surefire-booter-2.20.1.jar:2.20.1]
	at org.apache.maven.surefire.booter.ForkedBooter.main(ForkedBooter.java:407) [surefire-booter-2.20.1.jar:2.20.1]
Caused by: org.hibernate.service.spi.ServiceException: Unable to create requested service [org.hibernate.engine.jdbc.env.spi.JdbcEnvironment]
	at org.hibernate.service.internal.AbstractServiceRegistryImpl.createService(AbstractServiceRegistryImpl.java:271) ~[hibernate-core-5.2.16.Final.jar:5.2.16.Final]
	at org.hibernate.service.internal.AbstractServiceRegistryImpl.initializeService(AbstractServiceRegistryImpl.java:233) ~[hibernate-core-5.2.16.Final.jar:5.2.16.Final]
	at org.hibernate.service.internal.AbstractServiceRegistryImpl.getService(AbstractServiceRegistryImpl.java:210) ~[hibernate-core-5.2.16.Final.jar:5.2.16.Final]
	at org.hibernate.engine.jdbc.internal.JdbcServicesImpl.configure(JdbcServicesImpl.java:51) ~[hibernate-core-5.2.16.Final.jar:5.2.16.Final]
	at org.hibernate.boot.registry.internal.StandardServiceRegistryImpl.configureService(StandardServiceRegistryImpl.java:94) ~[hibernate-core-5.2.16.Final.jar:5.2.16.Final]
	at org.hibernate.service.internal.AbstractServiceRegistryImpl.initializeService(AbstractServiceRegistryImpl.java:242) ~[hibernate-core-5.2.16.Final.jar:5.2.16.Final]
	at org.hibernate.service.internal.AbstractServiceRegistryImpl.getService(AbstractServiceRegistryImpl.java:210) ~[hibernate-core-5.2.16.Final.jar:5.2.16.Final]
	at org.hibernate.boot.model.process.spi.MetadataBuildingProcess.handleTypes(MetadataBuildingProcess.java:352) ~[hibernate-core-5.2.16.Final.jar:5.2.16.Final]
	at org.hibernate.boot.model.process.spi.MetadataBuildingProcess.complete(MetadataBuildingProcess.java:111) ~[hibernate-core-5.2.16.Final.jar:5.2.16.Final]
	at org.hibernate.jpa.boot.internal.EntityManagerFactoryBuilderImpl.metadata(EntityManagerFactoryBuilderImpl.java:861) ~[hibernate-core-5.2.16.Final.jar:5.2.16.Final]
	at org.hibernate.jpa.boot.internal.EntityManagerFactoryBuilderImpl.build(EntityManagerFactoryBuilderImpl.java:888) ~[hibernate-core-5.2.16.Final.jar:5.2.16.Final]
	at org.springframework.orm.jpa.vendor.SpringHibernateJpaPersistenceProvider.createContainerEntityManagerFactory(SpringHibernateJpaPersistenceProvider.java:57) ~[spring-orm-5.0.5.BUILD-SNAPSHOT.jar:5.0.5.BUILD-SNAPSHOT]
	at org.springframework.orm.jpa.LocalContainerEntityManagerFactoryBean.createNativeEntityManagerFactory(LocalContainerEntityManagerFactoryBean.java:365) ~[spring-orm-5.0.5.BUILD-SNAPSHOT.jar:5.0.5.BUILD-SNAPSHOT]
	at org.springframework.orm.jpa.AbstractEntityManagerFactoryBean.buildNativeEntityManagerFactory(AbstractEntityManagerFactoryBean.java:390) ~[spring-orm-5.0.5.BUILD-SNAPSHOT.jar:5.0.5.BUILD-SNAPSHOT]
	at org.springframework.orm.jpa.AbstractEntityManagerFactoryBean.afterPropertiesSet(AbstractEntityManagerFactoryBean.java:377) ~[spring-orm-5.0.5.BUILD-SNAPSHOT.jar:5.0.5.BUILD-SNAPSHOT]
	at org.springframework.orm.jpa.LocalContainerEntityManagerFactoryBean.afterPropertiesSet(LocalContainerEntityManagerFactoryBean.java:341) ~[spring-orm-5.0.5.BUILD-SNAPSHOT.jar:5.0.5.BUILD-SNAPSHOT]
	at org.springframework.beans.factory.support.AbstractAutowireCapableBeanFactory.invokeInitMethods(AbstractAutowireCapableBeanFactory.java:1761) ~[spring-beans-5.0.5.BUILD-SNAPSHOT.jar:5.0.5.BUILD-SNAPSHOT]
	at org.springframework.beans.factory.support.AbstractAutowireCapableBeanFactory.initializeBean(AbstractAutowireCapableBeanFactory.java:1698) ~[spring-beans-5.0.5.BUILD-SNAPSHOT.jar:5.0.5.BUILD-SNAPSHOT]
	... 42 common frames omitted
Caused by: org.hibernate.HibernateException: Access to DialectResolutionInfo cannot be null when 'hibernate.dialect' not set
	at org.hibernate.engine.jdbc.dialect.internal.DialectFactoryImpl.determineDialect(DialectFactoryImpl.java:100) ~[hibernate-core-5.2.16.Final.jar:5.2.16.Final]
	at org.hibernate.engine.jdbc.dialect.internal.DialectFactoryImpl.buildDialect(DialectFactoryImpl.java:54) ~[hibernate-core-5.2.16.Final.jar:5.2.16.Final]
	at org.hibernate.engine.jdbc.env.internal.JdbcEnvironmentInitiator.initiateService(JdbcEnvironmentInitiator.java:137) ~[hibernate-core-5.2.16.Final.jar:5.2.16.Final]
	at org.hibernate.engine.jdbc.env.internal.JdbcEnvironmentInitiator.initiateService(JdbcEnvironmentInitiator.java:35) ~[hibernate-core-5.2.16.Final.jar:5.2.16.Final]
	at org.hibernate.boot.registry.internal.StandardServiceRegistryImpl.initiateService(StandardServiceRegistryImpl.java:88) ~[hibernate-core-5.2.16.Final.jar:5.2.16.Final]
	at org.hibernate.service.internal.AbstractServiceRegistryImpl.createService(AbstractServiceRegistryImpl.java:259) ~[hibernate-core-5.2.16.Final.jar:5.2.16.Final]
	... 59 common frames omitted

2018-03-24 20:14:16.135 ERROR 5600 --- [           main] o.s.test.context.TestContextManager      : Caught exception while allowing TestExecutionListener [org.springframework.test.context.web.ServletTestExecutionListener@38afe297] to prepare test instance [org.skroshka.idp.BlogApplicationTests@782be4eb]

java.lang.IllegalStateException: Failed to load ApplicationContext
	at org.springframework.test.context.cache.DefaultCacheAwareContextLoaderDelegate.loadContext(DefaultCacheAwareContextLoaderDelegate.java:125) ~[spring-test-5.0.5.BUILD-SNAPSHOT.jar:5.0.5.BUILD-SNAPSHOT]
	at org.springframework.test.context.support.DefaultTestContext.getApplicationContext(DefaultTestContext.java:108) ~[spring-test-5.0.5.BUILD-SNAPSHOT.jar:5.0.5.BUILD-SNAPSHOT]
	at org.springframework.test.context.web.ServletTestExecutionListener.setUpRequestContextIfNecessary(ServletTestExecutionListener.java:190) ~[spring-test-5.0.5.BUILD-SNAPSHOT.jar:5.0.5.BUILD-SNAPSHOT]
	at org.springframework.test.context.web.ServletTestExecutionListener.prepareTestInstance(ServletTestExecutionListener.java:132) ~[spring-test-5.0.5.BUILD-SNAPSHOT.jar:5.0.5.BUILD-SNAPSHOT]
	at org.springframework.test.context.TestContextManager.prepareTestInstance(TestContextManager.java:246) ~[spring-test-5.0.5.BUILD-SNAPSHOT.jar:5.0.5.BUILD-SNAPSHOT]
	at org.springframework.test.context.junit4.SpringJUnit4ClassRunner.createTest(SpringJUnit4ClassRunner.java:227) [spring-test-5.0.5.BUILD-SNAPSHOT.jar:5.0.5.BUILD-SNAPSHOT]
	at org.springframework.test.context.junit4.SpringJUnit4ClassRunner$1.runReflectiveCall(SpringJUnit4ClassRunner.java:289) [spring-test-5.0.5.BUILD-SNAPSHOT.jar:5.0.5.BUILD-SNAPSHOT]
	at org.junit.internal.runners.model.ReflectiveCallable.run(ReflectiveCallable.java:12) [junit-4.12.jar:4.12]
	at org.springframework.test.context.junit4.SpringJUnit4ClassRunner.methodBlock(SpringJUnit4ClassRunner.java:291) [spring-test-5.0.5.BUILD-SNAPSHOT.jar:5.0.5.BUILD-SNAPSHOT]
	at org.springframework.test.context.junit4.SpringJUnit4ClassRunner.runChild(SpringJUnit4ClassRunner.java:246) [spring-test-5.0.5.BUILD-SNAPSHOT.jar:5.0.5.BUILD-SNAPSHOT]
	at org.springframework.test.context.junit4.SpringJUnit4ClassRunner.runChild(SpringJUnit4ClassRunner.java:97) [spring-test-5.0.5.BUILD-SNAPSHOT.jar:5.0.5.BUILD-SNAPSHOT]
	at org.junit.runners.ParentRunner$3.run(ParentRunner.java:290) [junit-4.12.jar:4.12]
	at org.junit.runners.ParentRunner$1.schedule(ParentRunner.java:71) [junit-4.12.jar:4.12]
	at org.junit.runners.ParentRunner.runChildren(ParentRunner.java:288) [junit-4.12.jar:4.12]
	at org.junit.runners.ParentRunner.access$000(ParentRunner.java:58) [junit-4.12.jar:4.12]
	at org.junit.runners.ParentRunner$2.evaluate(ParentRunner.java:268) [junit-4.12.jar:4.12]
	at org.springframework.test.context.junit4.statements.RunBeforeTestClassCallbacks.evaluate(RunBeforeTestClassCallbacks.java:61) [spring-test-5.0.5.BUILD-SNAPSHOT.jar:5.0.5.BUILD-SNAPSHOT]
	at org.springframework.test.context.junit4.statements.RunAfterTestClassCallbacks.evaluate(RunAfterTestClassCallbacks.java:70) [spring-test-5.0.5.BUILD-SNAPSHOT.jar:5.0.5.BUILD-SNAPSHOT]
	at org.junit.runners.ParentRunner.run(ParentRunner.java:363) [junit-4.12.jar:4.12]
	at org.springframework.test.context.junit4.SpringJUnit4ClassRunner.run(SpringJUnit4ClassRunner.java:190) [spring-test-5.0.5.BUILD-SNAPSHOT.jar:5.0.5.BUILD-SNAPSHOT]
	at org.apache.maven.surefire.junit4.JUnit4Provider.execute(JUnit4Provider.java:369) [surefire-junit4-2.20.1.jar:2.20.1]
	at org.apache.maven.surefire.junit4.JUnit4Provider.executeWithRerun(JUnit4Provider.java:275) [surefire-junit4-2.20.1.jar:2.20.1]
	at org.apache.maven.surefire.junit4.JUnit4Provider.executeTestSet(JUnit4Provider.java:239) [surefire-junit4-2.20.1.jar:2.20.1]
	at org.apache.maven.surefire.junit4.JUnit4Provider.invoke(JUnit4Provider.java:160) [surefire-junit4-2.20.1.jar:2.20.1]
	at org.apache.maven.surefire.booter.ForkedBooter.invokeProviderInSameClassLoader(ForkedBooter.java:373) [surefire-booter-2.20.1.jar:2.20.1]
	at org.apache.maven.surefire.booter.ForkedBooter.runSuitesInProcess(ForkedBooter.java:334) [surefire-booter-2.20.1.jar:2.20.1]
	at org.apache.maven.surefire.booter.ForkedBooter.execute(ForkedBooter.java:119) [surefire-booter-2.20.1.jar:2.20.1]
	at org.apache.maven.surefire.booter.ForkedBooter.main(ForkedBooter.java:407) [surefire-booter-2.20.1.jar:2.20.1]
Caused by: org.springframework.beans.factory.BeanCreationException: Error creating bean with name 'entityManagerFactory' defined in class path resource [org/springframework/boot/autoconfigure/orm/jpa/HibernateJpaConfiguration.class]: Invocation of init method failed; nested exception is org.hibernate.service.spi.ServiceException: Unable to create requested service [org.hibernate.engine.jdbc.env.spi.JdbcEnvironment]
	at org.springframework.beans.factory.support.AbstractAutowireCapableBeanFactory.initializeBean(AbstractAutowireCapableBeanFactory.java:1702) ~[spring-beans-5.0.5.BUILD-SNAPSHOT.jar:5.0.5.BUILD-SNAPSHOT]
	at org.springframework.beans.factory.support.AbstractAutowireCapableBeanFactory.doCreateBean(AbstractAutowireCapableBeanFactory.java:579) ~[spring-beans-5.0.5.BUILD-SNAPSHOT.jar:5.0.5.BUILD-SNAPSHOT]
	at org.springframework.beans.factory.support.AbstractAutowireCapableBeanFactory.createBean(AbstractAutowireCapableBeanFactory.java:501) ~[spring-beans-5.0.5.BUILD-SNAPSHOT.jar:5.0.5.BUILD-SNAPSHOT]
	at org.springframework.beans.factory.support.AbstractBeanFactory.lambda$doGetBean$0(AbstractBeanFactory.java:317) ~[spring-beans-5.0.5.BUILD-SNAPSHOT.jar:5.0.5.BUILD-SNAPSHOT]
	at org.springframework.beans.factory.support.DefaultSingletonBeanRegistry.getSingleton(DefaultSingletonBeanRegistry.java:228) ~[spring-beans-5.0.5.BUILD-SNAPSHOT.jar:5.0.5.BUILD-SNAPSHOT]
	at org.springframework.beans.factory.support.AbstractBeanFactory.doGetBean(AbstractBeanFactory.java:315) ~[spring-beans-5.0.5.BUILD-SNAPSHOT.jar:5.0.5.BUILD-SNAPSHOT]
	at org.springframework.beans.factory.support.AbstractBeanFactory.getBean(AbstractBeanFactory.java:199) ~[spring-beans-5.0.5.BUILD-SNAPSHOT.jar:5.0.5.BUILD-SNAPSHOT]
	at org.springframework.context.support.AbstractApplicationContext.getBean(AbstractApplicationContext.java:1085) ~[spring-context-5.0.5.BUILD-SNAPSHOT.jar:5.0.5.BUILD-SNAPSHOT]
	at org.springframework.context.support.AbstractApplicationContext.finishBeanFactoryInitialization(AbstractApplicationContext.java:858) ~[spring-context-5.0.5.BUILD-SNAPSHOT.jar:5.0.5.BUILD-SNAPSHOT]
	at org.springframework.context.support.AbstractApplicationContext.refresh(AbstractApplicationContext.java:549) ~[spring-context-5.0.5.BUILD-SNAPSHOT.jar:5.0.5.BUILD-SNAPSHOT]
	at org.springframework.boot.SpringApplication.refresh(SpringApplication.java:752) ~[spring-boot-2.0.1.BUILD-SNAPSHOT.jar:2.0.1.BUILD-SNAPSHOT]
	at org.springframework.boot.SpringApplication.refreshContext(SpringApplication.java:388) ~[spring-boot-2.0.1.BUILD-SNAPSHOT.jar:2.0.1.BUILD-SNAPSHOT]
	at org.springframework.boot.SpringApplication.run(SpringApplication.java:327) ~[spring-boot-2.0.1.BUILD-SNAPSHOT.jar:2.0.1.BUILD-SNAPSHOT]
	at org.springframework.boot.test.context.SpringBootContextLoader.loadContext(SpringBootContextLoader.java:138) ~[spring-boot-test-2.0.1.BUILD-SNAPSHOT.jar:2.0.1.BUILD-SNAPSHOT]
	at org.springframework.test.context.cache.DefaultCacheAwareContextLoaderDelegate.loadContextInternal(DefaultCacheAwareContextLoaderDelegate.java:99) ~[spring-test-5.0.5.BUILD-SNAPSHOT.jar:5.0.5.BUILD-SNAPSHOT]
	at org.springframework.test.context.cache.DefaultCacheAwareContextLoaderDelegate.loadContext(DefaultCacheAwareContextLoaderDelegate.java:117) ~[spring-test-5.0.5.BUILD-SNAPSHOT.jar:5.0.5.BUILD-SNAPSHOT]
	... 27 common frames omitted
Caused by: org.hibernate.service.spi.ServiceException: Unable to create requested service [org.hibernate.engine.jdbc.env.spi.JdbcEnvironment]
	at org.hibernate.service.internal.AbstractServiceRegistryImpl.createService(AbstractServiceRegistryImpl.java:271) ~[hibernate-core-5.2.16.Final.jar:5.2.16.Final]
	at org.hibernate.service.internal.AbstractServiceRegistryImpl.initializeService(AbstractServiceRegistryImpl.java:233) ~[hibernate-core-5.2.16.Final.jar:5.2.16.Final]
	at org.hibernate.service.internal.AbstractServiceRegistryImpl.getService(AbstractServiceRegistryImpl.java:210) ~[hibernate-core-5.2.16.Final.jar:5.2.16.Final]
	at org.hibernate.engine.jdbc.internal.JdbcServicesImpl.configure(JdbcServicesImpl.java:51) ~[hibernate-core-5.2.16.Final.jar:5.2.16.Final]
	at org.hibernate.boot.registry.internal.StandardServiceRegistryImpl.configureService(StandardServiceRegistryImpl.java:94) ~[hibernate-core-5.2.16.Final.jar:5.2.16.Final]
	at org.hibernate.service.internal.AbstractServiceRegistryImpl.initializeService(AbstractServiceRegistryImpl.java:242) ~[hibernate-core-5.2.16.Final.jar:5.2.16.Final]
	at org.hibernate.service.internal.AbstractServiceRegistryImpl.getService(AbstractServiceRegistryImpl.java:210) ~[hibernate-core-5.2.16.Final.jar:5.2.16.Final]
	at org.hibernate.boot.model.process.spi.MetadataBuildingProcess.handleTypes(MetadataBuildingProcess.java:352) ~[hibernate-core-5.2.16.Final.jar:5.2.16.Final]
	at org.hibernate.boot.model.process.spi.MetadataBuildingProcess.complete(MetadataBuildingProcess.java:111) ~[hibernate-core-5.2.16.Final.jar:5.2.16.Final]
	at org.hibernate.jpa.boot.internal.EntityManagerFactoryBuilderImpl.metadata(EntityManagerFactoryBuilderImpl.java:861) ~[hibernate-core-5.2.16.Final.jar:5.2.16.Final]
	at org.hibernate.jpa.boot.internal.EntityManagerFactoryBuilderImpl.build(EntityManagerFactoryBuilderImpl.java:888) ~[hibernate-core-5.2.16.Final.jar:5.2.16.Final]
	at org.springframework.orm.jpa.vendor.SpringHibernateJpaPersistenceProvider.createContainerEntityManagerFactory(SpringHibernateJpaPersistenceProvider.java:57) ~[spring-orm-5.0.5.BUILD-SNAPSHOT.jar:5.0.5.BUILD-SNAPSHOT]
	at org.springframework.orm.jpa.LocalContainerEntityManagerFactoryBean.createNativeEntityManagerFactory(LocalContainerEntityManagerFactoryBean.java:365) ~[spring-orm-5.0.5.BUILD-SNAPSHOT.jar:5.0.5.BUILD-SNAPSHOT]
	at org.springframework.orm.jpa.AbstractEntityManagerFactoryBean.buildNativeEntityManagerFactory(AbstractEntityManagerFactoryBean.java:390) ~[spring-orm-5.0.5.BUILD-SNAPSHOT.jar:5.0.5.BUILD-SNAPSHOT]
	at org.springframework.orm.jpa.AbstractEntityManagerFactoryBean.afterPropertiesSet(AbstractEntityManagerFactoryBean.java:377) ~[spring-orm-5.0.5.BUILD-SNAPSHOT.jar:5.0.5.BUILD-SNAPSHOT]
	at org.springframework.orm.jpa.LocalContainerEntityManagerFactoryBean.afterPropertiesSet(LocalContainerEntityManagerFactoryBean.java:341) ~[spring-orm-5.0.5.BUILD-SNAPSHOT.jar:5.0.5.BUILD-SNAPSHOT]
	at org.springframework.beans.factory.support.AbstractAutowireCapableBeanFactory.invokeInitMethods(AbstractAutowireCapableBeanFactory.java:1761) ~[spring-beans-5.0.5.BUILD-SNAPSHOT.jar:5.0.5.BUILD-SNAPSHOT]
	at org.springframework.beans.factory.support.AbstractAutowireCapableBeanFactory.initializeBean(AbstractAutowireCapableBeanFactory.java:1698) ~[spring-beans-5.0.5.BUILD-SNAPSHOT.jar:5.0.5.BUILD-SNAPSHOT]
	... 42 common frames omitted
Caused by: org.hibernate.HibernateException: Access to DialectResolutionInfo cannot be null when 'hibernate.dialect' not set
	at org.hibernate.engine.jdbc.dialect.internal.DialectFactoryImpl.determineDialect(DialectFactoryImpl.java:100) ~[hibernate-core-5.2.16.Final.jar:5.2.16.Final]
	at org.hibernate.engine.jdbc.dialect.internal.DialectFactoryImpl.buildDialect(DialectFactoryImpl.java:54) ~[hibernate-core-5.2.16.Final.jar:5.2.16.Final]
	at org.hibernate.engine.jdbc.env.internal.JdbcEnvironmentInitiator.initiateService(JdbcEnvironmentInitiator.java:137) ~[hibernate-core-5.2.16.Final.jar:5.2.16.Final]
	at org.hibernate.engine.jdbc.env.internal.JdbcEnvironmentInitiator.initiateService(JdbcEnvironmentInitiator.java:35) ~[hibernate-core-5.2.16.Final.jar:5.2.16.Final]
	at org.hibernate.boot.registry.internal.StandardServiceRegistryImpl.initiateService(StandardServiceRegistryImpl.java:88) ~[hibernate-core-5.2.16.Final.jar:5.2.16.Final]
	at org.hibernate.service.internal.AbstractServiceRegistryImpl.createService(AbstractServiceRegistryImpl.java:259) ~[hibernate-core-5.2.16.Final.jar:5.2.16.Final]
	... 59 common frames omitted

]]></system-out>
  </testcase>
</testsuite>